This is pdfTeX, Version 3.141592653-2.6-1.40.26 (MiKTeX 24.3.31) (preloaded format=pdflatex 2024.4.6)  7 APR 2024 10:48
entering extended mode
 restricted \write18 enabled.
 %&-line parsing enabled.
**./00-main.tex
(00-main.tex
LaTeX2e <2023-11-01> patch level 1
L3 programming layer <2024-03-14>
(C:\Users\immun\AppData\Local\Programs\MiKTeX\tex/latex/base\report.cls
Document Class: report 2023/05/17 v1.4n Standard LaTeX document class
(C:\Users\immun\AppData\Local\Programs\MiKTeX\tex/latex/base\size12.clo
File: size12.clo 2023/05/17 v1.4n Standard LaTeX file (size option)
)
\c@part=\count188
\c@chapter=\count189
\c@section=\count190
\c@subsection=\count191
\c@subsubsection=\count192
\c@paragraph=\count193
\c@subparagraph=\count194
\c@figure=\count195
\c@table=\count196
\abovecaptionskip=\skip48
\belowcaptionskip=\skip49
\bibindent=\dimen140
)
(C:\Users\immun\AppData\Local\Programs\MiKTeX\tex/latex/pdfx\pdfx.sty
Package: pdfx 2019/02/27 v1.6.3 PDF/X and PDF/A support (CVR/HTH/RRM/PS)
\pdfx@minorversion=\count197

(C:\Users\immun\AppData\Local\Programs\MiKTeX\tex/generic/iftex\iftex.sty
Package: iftex 2022/02/03 v1.0f TeX engine tests
)
(C:\Users\immun\AppData\Local\Programs\MiKTeX\tex/generic/iftex\ifpdf.sty
Package: ifpdf 2019/10/25 v3.4 ifpdf legacy package. Use iftex instead.
)
(C:\Users\immun\AppData\Local\Programs\MiKTeX\tex/generic/iftex\ifxetex.sty
Package: ifxetex 2019/10/25 v0.7 ifxetex legacy package. Use iftex instead.
)
(C:\Users\immun\AppData\Local\Programs\MiKTeX\tex/latex/everyshi\everyshi.sty
Package: everyshi 2020/11/18 v4.00 EveryShipout Package
)
(C:\Users\immun\AppData\Local\Programs\MiKTeX\tex/generic/iftex\ifluatex.sty
Package: ifluatex 2019/10/25 v1.5 ifluatex legacy package. Use iftex instead.
){C:/Users/immun/AppData/Local/MiKTeX/fonts/map/pdftex/pdftex.map}
(C:\Users\immun\AppData\Local\Programs\MiKTeX\tex/latex/base\inputenc.sty
Package: inputenc 2021/02/14 v1.3d Input encoding file
\inpenc@prehook=\toks17
\inpenc@posthook=\toks18
)
(C:\Users\immun\AppData\Local\Programs\MiKTeX\tex/latex/pdfx\l8u-penc.def
File: l8u-penc.def 2017/06/23 v0.8 Custom LaTeX file, for UTF8 encoded letters 
and symbols
LaTeX Info: Composite with undeclared \b in encoding L8U on input line 278.
)
\pdfxsafeforxmp@toks=\toks19

(C:\Users\immun\AppData\Local\Programs\MiKTeX\tex/latex/xcolor\xcolor.sty
Package: xcolor 2023/11/15 v3.01 LaTeX color extensions (UK)

(C:\Users\immun\AppData\Local\Programs\MiKTeX\tex/latex/graphics-cfg\color.cfg
File: color.cfg 2016/01/02 v1.6 sample color configuration
)

Package xcolor Warning: Package option `hyperref' is obsolete and ignored on in
put line 266.

Package xcolor Info: Driver file: pdftex.def on input line 274.

(C:\Users\immun\AppData\Local\Programs\MiKTeX\tex/latex/graphics-def\pdftex.def
File: pdftex.def 2022/09/22 v1.2b Graphics/color driver for pdftex
)
(C:\Users\immun\AppData\Local\Programs\MiKTeX\tex/latex/graphics\mathcolor.ltx)
Package xcolor Info: Model `cmy' substituted by `cmy0' on input line 1350.
Package xcolor Info: Model `hsb' substituted by `rgb' on input line 1354.
Package xcolor Info: Model `RGB' extended on input line 1366.
Package xcolor Info: Model `HTML' substituted by `rgb' on input line 1368.
Package xcolor Info: Model `Hsb' substituted by `hsb' on input line 1369.
Package xcolor Info: Model `tHsb' substituted by `hsb' on input line 1370.
Package xcolor Info: Model `HSB' substituted by `hsb' on input line 1371.
Package xcolor Info: Model `Gray' substituted by `gray' on input line 1372.
Package xcolor Info: Model `wave' substituted by `hsb' on input line 1373.
)
\pdfx@tmptoks=\toks20
 (C:\Users\immun\AppData\Local\Programs\MiKTeX\tex/latex/hyperref\hyperref.sty
Package: hyperref 2024-01-20 v7.01h Hypertext links for LaTeX
(C:\Users\immun\AppData\Local\Programs\MiKTeX\tex/latex/graphics\keyval.sty
Package: keyval 2022/05/29 v1.15 key=value parser (DPC)
\KV@toks@=\toks21
)
(C:\Users\immun\AppData\Local\Programs\MiKTeX\tex/latex/kvsetkeys\kvsetkeys.sty
Package: kvsetkeys 2022-10-05 v1.19 Key value parser (HO)
)
(C:\Users\immun\AppData\Local\Programs\MiKTeX\tex/generic/kvdefinekeys\kvdefine
keys.sty
Package: kvdefinekeys 2019-12-19 v1.6 Define keys (HO)
)
(C:\Users\immun\AppData\Local\Programs\MiKTeX\tex/generic/pdfescape\pdfescape.s
ty
Package: pdfescape 2019/12/09 v1.15 Implements pdfTeX's escape features (HO)

(C:\Users\immun\AppData\Local\Programs\MiKTeX\tex/generic/ltxcmds\ltxcmds.sty
Package: ltxcmds 2023-12-04 v1.26 LaTeX kernel commands for general use (HO)
)
(C:\Users\immun\AppData\Local\Programs\MiKTeX\tex/generic/pdftexcmds\pdftexcmds
.sty
Package: pdftexcmds 2020-06-27 v0.33 Utility functions of pdfTeX for LuaTeX (HO
)

(C:\Users\immun\AppData\Local\Programs\MiKTeX\tex/generic/infwarerr\infwarerr.s
ty
Package: infwarerr 2019/12/03 v1.5 Providing info/warning/error messages (HO)
)
Package pdftexcmds Info: \pdf@primitive is available.
Package pdftexcmds Info: \pdf@ifprimitive is available.
Package pdftexcmds Info: \pdfdraftmode found.
))
(C:\Users\immun\AppData\Local\Programs\MiKTeX\tex/latex/hycolor\hycolor.sty
Package: hycolor 2020-01-27 v1.10 Color options for hyperref/bookmark (HO)
)
(C:\Users\immun\AppData\Local\Programs\MiKTeX\tex/latex/auxhook\auxhook.sty
Package: auxhook 2019-12-17 v1.6 Hooks for auxiliary files (HO)
)
(C:\Users\immun\AppData\Local\Programs\MiKTeX\tex/latex/hyperref\nameref.sty
Package: nameref 2023-11-26 v2.56 Cross-referencing by name of section

(C:\Users\immun\AppData\Local\Programs\MiKTeX\tex/latex/refcount\refcount.sty
Package: refcount 2019/12/15 v3.6 Data extraction from label references (HO)
)
(C:\Users\immun\AppData\Local\Programs\MiKTeX\tex/generic/gettitlestring\gettit
lestring.sty
Package: gettitlestring 2019/12/15 v1.6 Cleanup title references (HO)

(C:\Users\immun\AppData\Local\Programs\MiKTeX\tex/latex/kvoptions\kvoptions.sty
Package: kvoptions 2022-06-15 v3.15 Key value format for package options (HO)
))
\c@section@level=\count198
)
(C:\Users\immun\AppData\Local\Programs\MiKTeX\tex/latex/etoolbox\etoolbox.sty
Package: etoolbox 2020/10/05 v2.5k e-TeX tools for LaTeX (JAW)
\etb@tempcnta=\count199
)
\@linkdim=\dimen141
\Hy@linkcounter=\count266
\Hy@pagecounter=\count267

(C:\Users\immun\AppData\Local\Programs\MiKTeX\tex/latex/hyperref\pd1enc.def
File: pd1enc.def 2024-01-20 v7.01h Hyperref: PDFDocEncoding definition (HO)
)
(C:\Users\immun\AppData\Local\Programs\MiKTeX\tex/generic/intcalc\intcalc.sty
Package: intcalc 2019/12/15 v1.3 Expandable calculations with integers (HO)
)
\Hy@SavedSpaceFactor=\count268

(C:\Users\immun\AppData\Local\Programs\MiKTeX\tex/latex/hyperref\puenc.def
File: puenc.def 2024-01-20 v7.01h Hyperref: PDF Unicode definition (HO)
)
Package hyperref Info: Option `pdfa' set `true' on input line 4062.
Package hyperref Info: Hyper figures OFF on input line 4179.
Package hyperref Info: Link nesting OFF on input line 4184.
Package hyperref Info: Hyper index ON on input line 4187.
Package hyperref Info: Plain pages OFF on input line 4194.
Package hyperref Info: Backreferencing OFF on input line 4199.
Package hyperref Info: Implicit mode ON; LaTeX internals redefined.
Package hyperref Info: Bookmarks ON on input line 4446.
\c@Hy@tempcnt=\count269

(C:\Users\immun\AppData\Local\Programs\MiKTeX\tex/latex/url\url.sty
\Urlmuskip=\muskip16
Package: url 2013/09/16  ver 3.4  Verb mode for urls, etc.
)
LaTeX Info: Redefining \url on input line 4784.
\XeTeXLinkMargin=\dimen142

(C:\Users\immun\AppData\Local\Programs\MiKTeX\tex/generic/bitset\bitset.sty
Package: bitset 2019/12/09 v1.3 Handle bit-vector datatype (HO)

(C:\Users\immun\AppData\Local\Programs\MiKTeX\tex/generic/bigintcalc\bigintcalc
.sty
Package: bigintcalc 2019/12/15 v1.5 Expandable calculations on big integers (HO
)
))
\Fld@menulength=\count270
\Field@Width=\dimen143
\Fld@charsize=\dimen144
Package hyperref Info: Hyper figures OFF on input line 6063.
Package hyperref Info: Link nesting OFF on input line 6068.
Package hyperref Info: Hyper index ON on input line 6071.
Package hyperref Info: backreferencing OFF on input line 6078.
Package hyperref Info: Link coloring OFF on input line 6083.
Package hyperref Info: Link coloring with OCG OFF on input line 6088.
Package hyperref Info: PDF/A mode ON on input line 6091.

(C:\Users\immun\AppData\Local\Programs\MiKTeX\tex/latex/base\atbegshi-ltx.sty
Package: atbegshi-ltx 2021/01/10 v1.0c Emulation of the original atbegshi
package with kernel methods
)
\Hy@abspage=\count271
\c@Item=\count272
\c@Hfootnote=\count273
)
Package hyperref Info: Driver: hpdftex.
(C:\Users\immun\AppData\Local\Programs\MiKTeX\tex/latex/hyperref\hpdftex.def
File: hpdftex.def 2024-01-20 v7.01h Hyperref driver for pdfTeX

(C:\Users\immun\AppData\Local\Programs\MiKTeX\tex/latex/base\atveryend-ltx.sty
Package: atveryend-ltx 2020/08/19 v1.0a Emulation of the original atveryend pac
kage
with kernel methods
)
\Fld@listcount=\count274
\c@bookmark@seq@number=\count275

(C:\Users\immun\AppData\Local\Programs\MiKTeX\tex/latex/rerunfilecheck\rerunfil
echeck.sty
Package: rerunfilecheck 2022-07-10 v1.10 Rerun checks for auxiliary files (HO)

(C:\Users\immun\AppData\Local\Programs\MiKTeX\tex/generic/uniquecounter\uniquec
ounter.sty
Package: uniquecounter 2019/12/15 v1.4 Provide unlimited unique counter (HO)
)
Package uniquecounter Info: New unique counter `rerunfilecheck' on input line 2
85.
)
\Hy@SectionHShift=\skip50
)
Package hyperref Info: Option `unicode' set `true' on input line 1463.

(C:\Users\immun\AppData\Local\Programs\MiKTeX\tex/generic/stringenc\stringenc.s
ty
Package: stringenc 2019/11/29 v1.12 Convert strings between diff. encodings (HO
)
)
Package hyperref Info: Option `psdextra' set `true' on input line 1465.

(C:\Users\immun\AppData\Local\Programs\MiKTeX\tex/latex/hyperref\psdextra.def
File: psdextra.def 2024-01-20 v7.01h Hyperref: Additions to PDF string support
)
(C:\Users\immun\AppData\Local\Programs\MiKTeX\tex/generic/colorprofiles\colorpr
ofiles.sty
Package: colorprofiles 2018/11/01 v1.0.1 color profiles for PDF/X and PDF/A sup
port

(C:\Users\immun\AppData\Local\Programs\MiKTeX\tex/generic/colorprofiles\colorpr
ofiles.tex))
(C:\Users\immun\AppData\Local\Programs\MiKTeX\tex/generic/stringenc\se-pdfdoc.d
ef
File: se-pdfdoc.def 2019/11/29 v1.12 stringenc: PDFDocEncoding
)
(C:\Users\immun\AppData\Local\Programs\MiKTeX\tex/latex/pdfx\AdobeColorProfiles
.tex) (C:\Users\immun\AppData\Local\Programs\MiKTeX\tex/latex/pdfx\8bit.def
File: 8bit.def 2008/03/30 v1.1d Input encoding file
)
** pdfx: No file 00-main.xmpdata . Metadata will be incomplete!
<<sRGB.icc>>
(C:\Users\immun\AppData\Local\Programs\MiKTeX\tex/latex/pdfx\8bit.def
File: 8bit.def 2008/03/30 v1.1d Input encoding file
)
Package hyperref Info: Option `unicode' set `true' on input line 2411.
Package hyperref Info: Option `unicode' set `true' on input line 2412.

(C:\Users\immun\AppData\Local\Programs\MiKTeX\tex/generic/pdftex\glyphtounicode
.tex)
(C:\Users\immun\AppData\Local\Programs\MiKTeX\tex/latex/pdfx\glyphtounicode-cmr
.tex)
(C:\Users\immun\AppData\Local\Programs\MiKTeX\tex/latex/pdfx\glyphtounicode-ntx
.tex) (C:\Users\immun\AppData\Local\Programs\MiKTeX\tex/latex/base\ifthen.sty
Package: ifthen 2022/04/13 v1.1d Standard LaTeX ifthen package (DPC)
)
(C:\Users\immun\AppData\Local\Programs\MiKTeX\tex/latex/xmpincl\xmpincl.sty
Package: xmpincl 2021/09/22 v2.4 Include XMP data in pdflatex
)
(C:\Users\immun\AppData\Local\Programs\MiKTeX\tex/latex/pdfx\8bit.def
File: 8bit.def 2008/03/30 v1.1d Input encoding file
)
Using XMP template file: pdfa.xmp
\xmpinclWrite=\write3
\xmpinclRead=\read2
\openout3 = `pdfa.xmpi'.

<<pdfa.xmpi>>)
(C:\Users\immun\AppData\Local\Programs\MiKTeX\tex/latex/base\inputenc.sty
Package: inputenc 2021/02/14 v1.3d Input encoding file
)
   defining Unicode char U+2212 (decimal 8722)

(C:\Users\immun\AppData\Local\Programs\MiKTeX\tex/latex/amsfonts\amsfonts.sty
Package: amsfonts 2013/01/14 v3.01 Basic AMSFonts support
\@emptytoks=\toks22
\symAMSa=\mathgroup4
\symAMSb=\mathgroup5
LaTeX Font Info:    Redeclaring math symbol \hbar on input line 98.
LaTeX Font Info:    Overwriting math alphabet `\mathfrak' in version `bold'
(Font)                  U/euf/m/n --> U/euf/b/n on input line 106.
)
(C:\Users\immun\AppData\Local\Programs\MiKTeX\tex/latex/amsfonts\amssymb.sty
Package: amssymb 2013/01/14 v3.01 AMS font symbols
)
(C:\Users\immun\AppData\Local\Programs\MiKTeX\tex/latex/amsmath\amsmath.sty
Package: amsmath 2023/05/13 v2.17o AMS math features
\@mathmargin=\skip51

For additional information on amsmath, use the `?' option.
(C:\Users\immun\AppData\Local\Programs\MiKTeX\tex/latex/amsmath\amstext.sty
Package: amstext 2021/08/26 v2.01 AMS text

(C:\Users\immun\AppData\Local\Programs\MiKTeX\tex/latex/amsmath\amsgen.sty
File: amsgen.sty 1999/11/30 v2.0 generic functions
\@emptytoks=\toks23
\ex@=\dimen145
))
(C:\Users\immun\AppData\Local\Programs\MiKTeX\tex/latex/amsmath\amsbsy.sty
Package: amsbsy 1999/11/29 v1.2d Bold Symbols
\pmbraise@=\dimen146
)
(C:\Users\immun\AppData\Local\Programs\MiKTeX\tex/latex/amsmath\amsopn.sty
Package: amsopn 2022/04/08 v2.04 operator names
)
\inf@bad=\count276
LaTeX Info: Redefining \frac on input line 234.
\uproot@=\count277
\leftroot@=\count278
LaTeX Info: Redefining \overline on input line 399.
LaTeX Info: Redefining \colon on input line 410.
\classnum@=\count279
\DOTSCASE@=\count280
LaTeX Info: Redefining \ldots on input line 496.
LaTeX Info: Redefining \dots on input line 499.
LaTeX Info: Redefining \cdots on input line 620.
\Mathstrutbox@=\box51
\strutbox@=\box52
LaTeX Info: Redefining \big on input line 722.
LaTeX Info: Redefining \Big on input line 723.
LaTeX Info: Redefining \bigg on input line 724.
LaTeX Info: Redefining \Bigg on input line 725.
\big@size=\dimen147
LaTeX Font Info:    Redeclaring font encoding OML on input line 743.
LaTeX Font Info:    Redeclaring font encoding OMS on input line 744.
\macc@depth=\count281
LaTeX Info: Redefining \bmod on input line 905.
LaTeX Info: Redefining \pmod on input line 910.
LaTeX Info: Redefining \smash on input line 940.
LaTeX Info: Redefining \relbar on input line 970.
LaTeX Info: Redefining \Relbar on input line 971.
\c@MaxMatrixCols=\count282
\dotsspace@=\muskip17
\c@parentequation=\count283
\dspbrk@lvl=\count284
\tag@help=\toks24
\row@=\count285
\column@=\count286
\maxfields@=\count287
\andhelp@=\toks25
\eqnshift@=\dimen148
\alignsep@=\dimen149
\tagshift@=\dimen150
\tagwidth@=\dimen151
\totwidth@=\dimen152
\lineht@=\dimen153
\@envbody=\toks26
\multlinegap=\skip52
\multlinetaggap=\skip53
\mathdisplay@stack=\toks27
LaTeX Info: Redefining \[ on input line 2953.
LaTeX Info: Redefining \] on input line 2954.
)
(C:\Users\immun\AppData\Local\Programs\MiKTeX\tex/latex/amscls\amsthm.sty
Package: amsthm 2020/05/29 v2.20.6
\thm@style=\toks28
\thm@bodyfont=\toks29
\thm@headfont=\toks30
\thm@notefont=\toks31
\thm@headpunct=\toks32
\thm@preskip=\skip54
\thm@postskip=\skip55
\thm@headsep=\skip56
\dth@everypar=\toks33
)
(C:\Users\immun\AppData\Local\Programs\MiKTeX\tex/latex/autobreak\autobreak.sty
Package: autobreak 2017/02/23 v0.3 simple line breaking of long formulae
\everybeforeautobreak=\toks34
\everyafterautobreak=\toks35
\@autobreak@alltoks=\toks36
\@autobreak@linetoks=\toks37
\@autobreak@lhswidth=\dimen154
\@autobreak@rhswidth=\dimen155
\@autobreak@maxlhswidth=\dimen156
\@autobreak@realmaxlhswidth=\dimen157
\@autobreak@maxrhswidth=\dimen158
\c@@autobreak@eqnindex=\count288
\c@@autobreak@subeqnindex=\count289

(C:\Users\immun\AppData\Local\Programs\MiKTeX\tex/generic/catchfile\catchfile.s
ty
Package: catchfile 2019/12/09 v1.8 Catch the contents of a file (HO)

(C:\Users\immun\AppData\Local\Programs\MiKTeX\tex/generic/etexcmds\etexcmds.sty
Package: etexcmds 2019/12/15 v1.7 Avoid name clashes with e-TeX commands (HO)
))) (C:\Users\immun\AppData\Local\Programs\MiKTeX\tex/latex/cancel\cancel.sty
Package: cancel 2013/04/12 v2.2 Cancel math terms
)
(C:\Users\immun\AppData\Local\Programs\MiKTeX\tex/latex/doublestroke\dsfont.sty
Package: dsfont 1995/08/01 v0.1 Double stroke roman fonts
)
(C:\Users\immun\AppData\Local\Programs\MiKTeX\tex/latex/mathtools\mathtools.sty
Package: mathtools 2024/03/11 v1.30 mathematical typesetting tools
(C:\Users\immun\AppData\Local\Programs\MiKTeX\tex/latex/tools\calc.sty
Package: calc 2023/07/08 v4.3 Infix arithmetic (KKT,FJ)
\calc@Acount=\count290
\calc@Bcount=\count291
\calc@Adimen=\dimen159
\calc@Bdimen=\dimen160
\calc@Askip=\skip57
\calc@Bskip=\skip58
LaTeX Info: Redefining \setlength on input line 80.
LaTeX Info: Redefining \addtolength on input line 81.
\calc@Ccount=\count292
\calc@Cskip=\skip59
)
(C:\Users\immun\AppData\Local\Programs\MiKTeX\tex/latex/mathtools\mhsetup.sty
Package: mhsetup 2021/03/18 v1.4 programming setup (MH)
)
\g_MT_multlinerow_int=\count293
\l_MT_multwidth_dim=\dimen161
\origjot=\skip60
\l_MT_shortvdotswithinadjustabove_dim=\dimen162
\l_MT_shortvdotswithinadjustbelow_dim=\dimen163
\l_MT_above_intertext_sep=\dimen164
\l_MT_below_intertext_sep=\dimen165
\l_MT_above_shortintertext_sep=\dimen166
\l_MT_below_shortintertext_sep=\dimen167
\xmathstrut@box=\box53
\xmathstrut@dim=\dimen168
) (C:\Users\immun\AppData\Local\Programs\MiKTeX\tex/latex/jknappen\mathbbol.sty
Package: mathbbol 1995/01/01
\symbbold=\mathgroup6
) (C:\Users\immun\AppData\Local\Programs\MiKTeX\tex/latex/jknappen\mathrsfs.sty
Package: mathrsfs 1996/01/01 Math RSFS package v1.0 (jk)
\symrsfs=\mathgroup7
) (C:\Users\immun\AppData\Local\Programs\MiKTeX\tex/latex/siunitx\siunitx.sty
Package: siunitx 2024-02-15 v3.3.12 A comprehensive (SI) units package
\l__siunitx_number_uncert_offset_int=\count294
\l__siunitx_number_exponent_fixed_int=\count295
\l__siunitx_number_min_decimal_int=\count296
\l__siunitx_number_min_integer_int=\count297
\l__siunitx_number_round_precision_int=\count298
\l__siunitx_number_lower_threshold_int=\count299
\l__siunitx_number_upper_threshold_int=\count300
\l__siunitx_number_group_first_int=\count301
\l__siunitx_number_group_size_int=\count302
\l__siunitx_number_group_minimum_int=\count303
\l__siunitx_angle_tmp_dim=\dimen169
\l__siunitx_angle_marker_box=\box54
\l__siunitx_angle_unit_box=\box55
\l__siunitx_compound_count_int=\count304

(C:\Users\immun\AppData\Local\Programs\MiKTeX\tex/latex/translations\translatio
ns.sty
Package: translations 2022/02/05 v1.12 internationalization of LaTeX2e packages
 (CN)
)
\l__siunitx_table_tmp_box=\box56
\l__siunitx_table_tmp_dim=\dimen170
\l__siunitx_table_column_width_dim=\dimen171
\l__siunitx_table_integer_box=\box57
\l__siunitx_table_decimal_box=\box58
\l__siunitx_table_uncert_box=\box59
\l__siunitx_table_before_box=\box60
\l__siunitx_table_after_box=\box61
\l__siunitx_table_before_dim=\dimen172
\l__siunitx_table_carry_dim=\dimen173
\l__siunitx_unit_tmp_int=\count305
\l__siunitx_unit_position_int=\count306
\l__siunitx_unit_total_int=\count307
 (C:\Users\immun\AppData\Local\Programs\MiKTeX\tex/latex/tools\array.sty
Package: array 2023/10/16 v2.5g Tabular extension package (FMi)
\col@sep=\dimen174
\ar@mcellbox=\box62
\extrarowheight=\dimen175
\NC@list=\toks38
\extratabsurround=\skip61
\backup@length=\skip62
\ar@cellbox=\box63
)) (C:\Users\immun\AppData\Local\Programs\MiKTeX\tex/latex/was\upgreek.sty
Package: upgreek 2003/02/12 v2.0 (WaS)
Package upgreek Info: Using Euler Roman for upright Greek on input line 31.
\symugrf@m=\mathgroup8
LaTeX Font Info:    Overwriting symbol font `ugrf@m' in version `bold'
(Font)                  U/eur/m/n --> U/eur/b/n on input line 38.
)
(C:\Users\immun\AppData\Local\Programs\MiKTeX\tex/latex/algorithm2e\algorithm2e
.sty
Package: algorithm2e 2017/07/18 v5.2 algorithms environments
\c@AlgoLine=\count308
\algocf@hangindent=\skip63

(C:\Users\immun\AppData\Local\Programs\MiKTeX\tex/latex/ifoddpage\ifoddpage.sty
Package: ifoddpage 2022/10/18 v1.2 Conditionals for odd/even page detection
\c@checkoddpage=\count309
) (C:\Users\immun\AppData\Local\Programs\MiKTeX\tex/latex/tools\xspace.sty
Package: xspace 2014/10/28 v1.13 Space after command names (DPC,MH)
)
(C:\Users\immun\AppData\Local\Programs\MiKTeX\tex/latex/relsize\relsize.sty
Package: relsize 2013/03/29 ver 4.1
)
\skiptotal=\skip64
\skiplinenumber=\skip65
\skiprule=\skip66
\skiphlne=\skip67
\skiptext=\skip68
\skiplength=\skip69
\algomargin=\skip70
\skipalgocfslide=\skip71
\algowidth=\dimen176
\inoutsize=\dimen177
\inoutindent=\dimen178
\interspacetitleruled=\dimen179
\interspacealgoruled=\dimen180
\interspacetitleboxruled=\dimen181
\algocf@ruledwidth=\skip72
\algocf@inoutbox=\box64
\algocf@inputbox=\box65
\AlCapSkip=\skip73
\AlCapHSkip=\skip74
\algoskipindent=\skip75
\algocf@nlbox=\box66
\algocf@hangingbox=\box67
\algocf@untilbox=\box68
\algocf@skipuntil=\skip76
\algocf@capbox=\box69
\algocf@lcaptionbox=\skip77
\algoheightruledefault=\skip78
\algoheightrule=\skip79
\algotitleheightruledefault=\skip80
\algotitleheightrule=\skip81
\c@algocfline=\count310
\c@algocfproc=\count311
\c@algocf=\count312
\algocf@algoframe=\box70
\algocf@algobox=\box71
)
(C:\Users\immun\AppData\Local\Programs\MiKTeX\tex/latex/appendix\appendix.sty
Package: appendix 2020/02/08 v1.2c extra appendix facilities
\c@@pps=\count313
\c@@ppsavesec=\count314
\c@@ppsaveapp=\count315
)
(C:\Users\immun\AppData\Local\Programs\MiKTeX\tex/generic/babel\babel.sty
Package: babel 2024/02/07 v24.2 The Babel package
\babel@savecnt=\count316
\U@D=\dimen182
\l@unhyphenated=\language79

(C:\Users\immun\AppData\Local\Programs\MiKTeX\tex/generic/babel\txtbabel.def)
\bbl@readstream=\read3
\bbl@dirlevel=\count317

*************************************
* Local config file bblopts.cfg used
*
(C:\Users\immun\AppData\Local\Programs\MiKTeX\tex/latex/arabi\bblopts.cfg
File: bblopts.cfg 2005/09/08 v0.1 add Arabic and Farsi to "declared" options of
 babel
)
(C:\Users\immun\AppData\Local\Programs\MiKTeX\tex/latex/babel-english\american.
ldf
Language: american 2017/06/06 v3.3r English support from the babel system

(C:\Users\immun\AppData\Local\Programs\MiKTeX\tex/latex/babel-english\english.l
df
Language: english 2017/06/06 v3.3r English support from the babel system
Package babel Info: Hyphen rules for 'canadian' set to \l@english
(babel)             (\language0). Reported on input line 102.
Package babel Info: Hyphen rules for 'australian' set to \l@ukenglish
(babel)             (\language73). Reported on input line 105.
Package babel Info: Hyphen rules for 'newzealand' set to \l@ukenglish
(babel)             (\language73). Reported on input line 108.
)))
(C:\Users\immun\AppData\Local\Programs\MiKTeX\tex/generic/babel/locale/en\babel
-american.tex
Package babel Info: Importing font and identification data for american
(babel)             from babel-en-US.ini. Reported on input line 11.
)
(C:\Users\immun\AppData\Local\Programs\MiKTeX\tex/latex/cleveref\cleveref.sty
Package: cleveref 2018/03/27 v0.21.4 Intelligent cross-referencing
Package cleveref Info: `hyperref' support loaded on input line 2370.
LaTeX Info: Redefining \cref on input line 2370.
LaTeX Info: Redefining \Cref on input line 2370.
LaTeX Info: Redefining \crefrange on input line 2370.
LaTeX Info: Redefining \Crefrange on input line 2370.
LaTeX Info: Redefining \cpageref on input line 2370.
LaTeX Info: Redefining \Cpageref on input line 2370.
LaTeX Info: Redefining \cpagerefrange on input line 2370.
LaTeX Info: Redefining \Cpagerefrange on input line 2370.
LaTeX Info: Redefining \labelcref on input line 2370.
LaTeX Info: Redefining \labelcpageref on input line 2370.
Package cleveref Info: `amsthm' support loaded on input line 3026.
Package cleveref Info: `algorithm2e' support loaded on input line 3147.
)
(C:\Users\immun\AppData\Local\Programs\MiKTeX\tex/latex/biblatex\biblatex.sty
Package: biblatex 2024/03/21 v3.20 programmable bibliographies (PK/MW)

(C:\Users\immun\AppData\Local\Programs\MiKTeX\tex/latex/logreq\logreq.sty
Package: logreq 2010/08/04 v1.0 xml request logger
\lrq@indent=\count318

(C:\Users\immun\AppData\Local\Programs\MiKTeX\tex/latex/logreq\logreq.def
File: logreq.def 2010/08/04 v1.0 logreq spec v1.0
))
\c@tabx@nest=\count319
\c@listtotal=\count320
\c@listcount=\count321
\c@liststart=\count322
\c@liststop=\count323
\c@citecount=\count324
\c@citetotal=\count325
\c@multicitecount=\count326
\c@multicitetotal=\count327
\c@instcount=\count328
\c@maxnames=\count329
\c@minnames=\count330
\c@maxitems=\count331
\c@minitems=\count332
\c@citecounter=\count333
\c@maxcitecounter=\count334
\c@savedcitecounter=\count335
\c@uniquelist=\count336
\c@uniquename=\count337
\c@refsection=\count338
\c@refsegment=\count339
\c@maxextratitle=\count340
\c@maxextratitleyear=\count341
\c@maxextraname=\count342
\c@maxextradate=\count343
\c@maxextraalpha=\count344
\c@abbrvpenalty=\count345
\c@highnamepenalty=\count346
\c@lownamepenalty=\count347
\c@maxparens=\count348
\c@parenlevel=\count349
\blx@tempcnta=\count350
\blx@tempcntb=\count351
\blx@tempcntc=\count352
\c@blx@maxsection=\count353
\blx@maxsegment@0=\count354
\blx@notetype=\count355
\blx@parenlevel@text=\count356
\blx@parenlevel@foot=\count357
\blx@sectionciteorder@0=\count358
\blx@sectionciteorderinternal@0=\count359
\blx@entrysetcounter=\count360
\blx@biblioinstance=\count361
\labelnumberwidth=\skip82
\labelalphawidth=\skip83
\biblabelsep=\skip84
\bibitemsep=\skip85
\bibnamesep=\skip86
\bibinitsep=\skip87
\bibparsep=\skip88
\bibhang=\skip89
\blx@bcfin=\read4
\blx@bcfout=\write4
\blx@langwohyphens=\language80
\c@mincomprange=\count362
\c@maxcomprange=\count363
\c@mincompwidth=\count364
Package biblatex Info: Trying to load biblatex default data model...
Package biblatex Info: ... file 'blx-dm.def' found.

(C:\Users\immun\AppData\Local\Programs\MiKTeX\tex/latex/biblatex\blx-dm.def
File: blx-dm.def 2024/03/21 v3.20 biblatex datamodel (PK/MW)
)
Package biblatex Info: Trying to load biblatex style data model...
Package biblatex Info: ... file 'nature.dbx' not found.
Package biblatex Info: Trying to load biblatex custom data model...
Package biblatex Info: ... file 'biblatex-dm.cfg' not found.
\c@afterword=\count365
\c@savedafterword=\count366
\c@annotator=\count367
\c@savedannotator=\count368
\c@author=\count369
\c@savedauthor=\count370
\c@bookauthor=\count371
\c@savedbookauthor=\count372
\c@commentator=\count373
\c@savedcommentator=\count374
\c@editor=\count375
\c@savededitor=\count376
\c@editora=\count377
\c@savededitora=\count378
\c@editorb=\count379
\c@savededitorb=\count380
\c@editorc=\count381
\c@savededitorc=\count382
\c@foreword=\count383
\c@savedforeword=\count384
\c@holder=\count385
\c@savedholder=\count386
\c@introduction=\count387
\c@savedintroduction=\count388
\c@namea=\count389
\c@savednamea=\count390
\c@nameb=\count391
\c@savednameb=\count392
\c@namec=\count393
\c@savednamec=\count394
\c@translator=\count395
\c@savedtranslator=\count396
\c@shortauthor=\count397
\c@savedshortauthor=\count398
\c@shorteditor=\count399
\c@savedshorteditor=\count400
\c@labelname=\count401
\c@savedlabelname=\count402
\c@institution=\count403
\c@savedinstitution=\count404
\c@lista=\count405
\c@savedlista=\count406
\c@listb=\count407
\c@savedlistb=\count408
\c@listc=\count409
\c@savedlistc=\count410
\c@listd=\count411
\c@savedlistd=\count412
\c@liste=\count413
\c@savedliste=\count414
\c@listf=\count415
\c@savedlistf=\count416
\c@location=\count417
\c@savedlocation=\count418
\c@organization=\count419
\c@savedorganization=\count420
\c@origlocation=\count421
\c@savedoriglocation=\count422
\c@origpublisher=\count423
\c@savedorigpublisher=\count424
\c@publisher=\count425
\c@savedpublisher=\count426
\c@language=\count427
\c@savedlanguage=\count428
\c@origlanguage=\count429
\c@savedoriglanguage=\count430
\c@pageref=\count431
\c@savedpageref=\count432
\shorthandwidth=\skip90
\shortjournalwidth=\skip91
\shortserieswidth=\skip92
\shorttitlewidth=\skip93
\shortauthorwidth=\skip94
\shorteditorwidth=\skip95
\locallabelnumberwidth=\skip96
\locallabelalphawidth=\skip97
\localshorthandwidth=\skip98
\localshortjournalwidth=\skip99
\localshortserieswidth=\skip100
\localshorttitlewidth=\skip101
\localshortauthorwidth=\skip102
\localshorteditorwidth=\skip103
Package biblatex Info: Trying to load compatibility code...
Package biblatex Info: ... file 'blx-compat.def' found.

(C:\Users\immun\AppData\Local\Programs\MiKTeX\tex/latex/biblatex\blx-compat.def
File: blx-compat.def 2024/03/21 v3.20 biblatex compatibility (PK/MW)
)
Package biblatex Info: Trying to load generic definitions...
Package biblatex Info: ... file 'biblatex.def' found.
 (C:\Users\immun\AppData\Local\Programs\MiKTeX\tex/latex/biblatex\biblatex.def
File: biblatex.def 2024/03/21 v3.20 biblatex compatibility (PK/MW)
\c@textcitecount=\count433
\c@textcitetotal=\count434
\c@textcitemaxnames=\count435
\c@biburlbigbreakpenalty=\count436
\c@biburlbreakpenalty=\count437
\c@biburlnumpenalty=\count438
\c@biburlucpenalty=\count439
\c@biburllcpenalty=\count440
\biburlbigskip=\muskip18
\biburlnumskip=\muskip19
\biburlucskip=\muskip20
\biburllcskip=\muskip21
\c@smartand=\count441
)
Package biblatex Info: Trying to load bibliography style 'nature'...
Package biblatex Info: ... file 'nature.bbx' found.

(C:\Users\immun\AppData\Local\Programs\MiKTeX\tex/latex/biblatex-nature\nature.
bbx
File: nature.bbx 2020/12/30 v1.3d biblatex bibliography style
Package biblatex Info: Trying to load bibliography style 'numeric-comp'...
Package biblatex Info: ... file 'numeric-comp.bbx' found.

(C:\Users\immun\AppData\Local\Programs\MiKTeX\tex/latex/biblatex/bbx\numeric-co
mp.bbx
File: numeric-comp.bbx 2024/03/21 v3.20 biblatex bibliography style (PK/MW)
Package biblatex Info: Trying to load bibliography style 'numeric'...
Package biblatex Info: ... file 'numeric.bbx' found.

(C:\Users\immun\AppData\Local\Programs\MiKTeX\tex/latex/biblatex/bbx\numeric.bb
x
File: numeric.bbx 2024/03/21 v3.20 biblatex bibliography style (PK/MW)
Package biblatex Info: Trying to load bibliography style 'standard'...
Package biblatex Info: ... file 'standard.bbx' found.

(C:\Users\immun\AppData\Local\Programs\MiKTeX\tex/latex/biblatex/bbx\standard.b
bx
File: standard.bbx 2024/03/21 v3.20 biblatex bibliography style (PK/MW)
\c@bbx:relatedcount=\count442
\c@bbx:relatedtotal=\count443
))))
Package biblatex Info: Trying to load citation style 'nature'...
Package biblatex Info: ... file 'nature.cbx' found.

(C:\Users\immun\AppData\Local\Programs\MiKTeX\tex/latex/biblatex-nature\nature.
cbx
File: nature.cbx 2020/12/30 v1.3d biblatex citation style
Package biblatex Info: Trying to load citation style 'numeric-comp'...
Package biblatex Info: ... file 'numeric-comp.cbx' found.

(C:\Users\immun\AppData\Local\Programs\MiKTeX\tex/latex/biblatex/cbx\numeric-co
mp.cbx
File: numeric-comp.cbx 2024/03/21 v3.20 biblatex citation style (PK/MW)
\c@cbx@tempcnta=\count444
\c@cbx@tempcntb=\count445
\c@cbx@tempcntc=\count446
\c@cbx@tempcntd=\count447
Package biblatex Info: Redefining '\cite'.
Package biblatex Info: Redefining '\parencite'.
Package biblatex Info: Redefining '\footcite'.
Package biblatex Info: Redefining '\footcitetext'.
Package biblatex Info: Redefining '\smartcite'.
Package biblatex Info: Redefining '\supercite'.
Package biblatex Info: Redefining '\textcite'.
Package biblatex Info: Redefining '\textcites'.
Package biblatex Info: Redefining '\cites'.
Package biblatex Info: Redefining '\parencites'.
Package biblatex Info: Redefining '\smartcites'.
))
Package biblatex Info: Trying to load configuration file...
Package biblatex Info: ... file 'biblatex.cfg' found.

(C:\Users\immun\AppData\Local\Programs\MiKTeX\tex/latex/biblatex\biblatex.cfg
File: biblatex.cfg 
)
Package biblatex Info: Input encoding 'utf8' detected.
Package biblatex Info: Document encoding is UTF8 ....

(C:\Users\immun\AppData\Local\Programs\MiKTeX\tex/latex/l3kernel\expl3.sty
Package: expl3 2024-03-14 L3 programming layer (loader) 

(C:\Users\immun\AppData\Local\Programs\MiKTeX\tex/latex/l3backend\l3backend-pdf
tex.def
File: l3backend-pdftex.def 2024-03-14 L3 backend support: PDF output (pdfTeX)
\l__color_backend_stack_int=\count448
\l__pdf_internal_box=\box72
))
Package biblatex Info: ... and expl3
(biblatex)             2024-03-14 L3 programming layer (loader) 
(biblatex)             is new enough (at least 2020/04/06),
(biblatex)             setting 'casechanger=expl3'.

(C:\Users\immun\AppData\Local\Programs\MiKTeX\tex/latex/biblatex\blx-case-expl3
.sty
(C:\Users\immun\AppData\Local\Programs\MiKTeX\tex/latex/l3packages/xparse\xpars
e.sty
Package: xparse 2024-03-14 L3 Experimental document command parser
)
Package: blx-case-expl3 2024/03/21 v3.20 expl3 case changing code for biblatex
))
(C:\Users\immun\AppData\Local\Programs\MiKTeX\tex/latex/blindtext\blindtext.sty
Package: blindtext 2012/01/06 V2.0 blindtext-Package
\c@blindtext=\count449
\c@Blindtext=\count450
\c@blind@countparstart=\count451
\blind@countxx=\count452
\blindtext@numBlindtext=\count453
\blind@countyy=\count454
\c@blindlist=\count455
\c@blindlistlevel=\count456
\c@blindlist@level=\count457
\blind@listitem=\count458
\c@blind@listcount=\count459
\c@blind@levelcount=\count460
\blind@mathformula=\count461
\blind@Mathformula=\count462
\c@blind@randomcount=\count463
\c@blind@randommax=\count464
\c@blind@pangramcount=\count465
\c@blind@pangrammax=\count466
) (C:\Users\immun\AppData\Local\Programs\MiKTeX\tex/latex/caption\caption.sty
Package: caption 2023/08/05 v3.6o Customizing captions (AR)

(C:\Users\immun\AppData\Local\Programs\MiKTeX\tex/latex/caption\caption3.sty
Package: caption3 2023/07/31 v2.4d caption3 kernel (AR)
\caption@tempdima=\dimen183
\captionmargin=\dimen184
\caption@leftmargin=\dimen185
\caption@rightmargin=\dimen186
\caption@width=\dimen187
\caption@indent=\dimen188
\caption@parindent=\dimen189
\caption@hangindent=\dimen190
Package caption Info: Standard document class detected.
)
\c@caption@flags=\count467
\c@continuedfloat=\count468
Package caption Info: hyperref package is loaded.
)
(C:\Users\immun\AppData\Local\Programs\MiKTeX\tex/latex/epigraph\epigraph.sty
Package: epigraph 2020/01/02 v1.5e typesetting epigraphs

(C:\Users\immun\AppData\Local\Programs\MiKTeX\tex/latex/nextpage\nextpage.sty
Package: nextpage 2009/09/03 v1.1a additional page commands
)
\beforeepigraphskip=\skip104
\afterepigraphskip=\skip105
\epigraphwidth=\skip106
\epigraphrule=\skip107
) (C:\Users\immun\AppData\Local\Programs\MiKTeX\tex/latex/varwidth\varwidth.sty
Package: varwidth 2009/03/30 ver 0.92;  Variable-width minipages
\@vwid@box=\box73
\sift@deathcycles=\count469
\@vwid@loff=\dimen191
\@vwid@roff=\dimen192
) (C:\Users\immun\AppData\Local\Programs\MiKTeX\tex/latex/enumitem\enumitem.sty
Package: enumitem 2019/06/20 v3.9 Customized lists
\labelindent=\skip108
\enit@outerparindent=\dimen193
\enit@toks=\toks39
\enit@inbox=\box74
\enit@count@id=\count470
\enitdp@description=\count471
) (C:\Users\immun\AppData\Local\Programs\MiKTeX\tex/latex/float\float.sty
Package: float 2001/11/08 v1.3d Float enhancements (AL)
\c@float@type=\count472
\float@exts=\toks40
\float@box=\box75
\@float@everytoks=\toks41
\@floatcapt=\box76
)
(C:\Users\immun\AppData\Local\Programs\MiKTeX\tex/latex/base\fontenc.sty
Package: fontenc 2021/04/29 v2.0v Standard LaTeX package
)
(C:\Users\immun\AppData\Local\Programs\MiKTeX\tex/latex/footmisc\footmisc.sty
Package: footmisc 2023/07/05 v6.0f a miscellany of footnote facilities
\FN@temptoken=\toks42
\footnotemargin=\dimen194
\@outputbox@depth=\dimen195
Package footmisc Info: Declaring symbol style bringhurst on input line 696.
Package footmisc Info: Declaring symbol style chicago on input line 704.
Package footmisc Info: Declaring symbol style wiley on input line 713.
Package footmisc Info: Declaring symbol style lamport-robust on input line 724.

Package footmisc Info: Declaring symbol style lamport* on input line 744.
Package footmisc Info: Declaring symbol style lamport*-robust on input line 765
.
)
(C:\Users\immun\AppData\Local\Programs\MiKTeX\tex/latex/graphics\graphicx.sty
Package: graphicx 2021/09/16 v1.2d Enhanced LaTeX Graphics (DPC,SPQR)

(C:\Users\immun\AppData\Local\Programs\MiKTeX\tex/latex/graphics\graphics.sty
Package: graphics 2022/03/10 v1.4e Standard LaTeX Graphics (DPC,SPQR)

(C:\Users\immun\AppData\Local\Programs\MiKTeX\tex/latex/graphics\trig.sty
Package: trig 2021/08/11 v1.11 sin cos tan (DPC)
)
(C:\Users\immun\AppData\Local\Programs\MiKTeX\tex/latex/graphics-cfg\graphics.c
fg
File: graphics.cfg 2016/06/04 v1.11 sample graphics configuration
)
Package graphics Info: Driver file: pdftex.def on input line 107.
)
\Gin@req@height=\dimen196
\Gin@req@width=\dimen197
)
(C:\Users\immun\AppData\Local\Programs\MiKTeX\tex/latex/wrapfig\wrapfig.sty
\wrapoverhang=\dimen198
\WF@size=\dimen199
\c@WF@wrappedlines=\count473
\WF@box=\box77
\WF@everypar=\toks43
Package: wrapfig 2003/01/31  v 3.6
)
(C:\Users\immun\AppData\Local\Programs\MiKTeX\tex/latex/geometry\geometry.sty
Package: geometry 2020/01/02 v5.9 Page Geometry

(C:\Users\immun\AppData\Local\Programs\MiKTeX\tex/generic/iftex\ifvtex.sty
Package: ifvtex 2019/10/25 v1.7 ifvtex legacy package. Use iftex instead.
)
\Gm@cnth=\count474
\Gm@cntv=\count475
\c@Gm@tempcnt=\count476
\Gm@bindingoffset=\dimen256
\Gm@wd@mp=\dimen257
\Gm@odd@mp=\dimen258
\Gm@even@mp=\dimen259
\Gm@layoutwidth=\dimen260
\Gm@layoutheight=\dimen261
\Gm@layouthoffset=\dimen262
\Gm@layoutvoffset=\dimen263
\Gm@dimlist=\toks44

(C:\Users\immun\AppData\Local\Programs\MiKTeX\tex/latex/geometry\geometry.cfg))
(C:\Users\immun\AppData\Local\Programs\MiKTeX\tex/latex/fancyhdr\fancyhdr.sty
Package: fancyhdr 2022/11/09 v4.1 Extensive control of page headers and footers

\f@nch@headwidth=\skip109
\f@nch@O@elh=\skip110
\f@nch@O@erh=\skip111
\f@nch@O@olh=\skip112
\f@nch@O@orh=\skip113
\f@nch@O@elf=\skip114
\f@nch@O@erf=\skip115
\f@nch@O@olf=\skip116
\f@nch@O@orf=\skip117
)
(C:\Users\immun\AppData\Local\Programs\MiKTeX\tex/latex/oberdiek\hypcap.sty
Package: hypcap 2016/05/16 v1.12 Adjusting the anchors of captions (HO)

(C:\Users\immun\AppData\Local\Programs\MiKTeX\tex/latex/letltxmacro\letltxmacro
.sty
Package: letltxmacro 2019/12/03 v1.6 Let assignment for LaTeX macros (HO)
))
(C:\Users\immun\AppData\Local\Programs\MiKTeX\tex/latex/graphics\lscape.sty
Package: lscape 2020/05/28 v3.02 Landscape Pages (DPC)
)
(C:\Users\immun\AppData\Local\Programs\MiKTeX\tex/latex/lineno\lineno.sty
Package: lineno 2023/05/20 line numbers on paragraphs v5.3
\linenopenalty=\count477
\output=\toks45
\linenoprevgraf=\count478
\linenumbersep=\dimen264
\linenumberwidth=\dimen265
\c@linenumber=\count479
\c@pagewiselinenumber=\count480
\c@LN@truepage=\count481
\c@internallinenumber=\count482
\c@internallinenumbers=\count483
\quotelinenumbersep=\dimen266
\bframerule=\dimen267
\bframesep=\dimen268
\bframebox=\box78
\linenoamsmath@ams@eqpen=\count484
LaTeX Info: Redefining \\ on input line 3180.
)
(C:\Users\immun\AppData\Local\Programs\MiKTeX\tex/latex/csquotes\csquotes.sty
Package: csquotes 2022-09-14 v5.2n context-sensitive quotations (JAW)
\csq@reset=\count485
\csq@gtype=\count486
\csq@glevel=\count487
\csq@qlevel=\count488
\csq@maxlvl=\count489
\csq@tshold=\count490
\csq@ltx@everypar=\toks46

(C:\Users\immun\AppData\Local\Programs\MiKTeX\tex/latex/csquotes\csquotes.def
File: csquotes.def 2022-09-14 v5.2n csquotes generic definitions (JAW)
)
Package csquotes Info: Trying to load configuration file 'csquotes.cfg'...
Package csquotes Info: ... configuration file loaded successfully.

(C:\Users\immun\AppData\Local\Programs\MiKTeX\tex/latex/csquotes\csquotes.cfg
File: csquotes.cfg 
)) (C:\Users\immun\AppData\Local\Programs\MiKTeX\tex/latex/listings\listings.st
y
\lst@mode=\count491
\lst@gtempboxa=\box79
\lst@token=\toks47
\lst@length=\count492
\lst@currlwidth=\dimen269
\lst@column=\count493
\lst@pos=\count494
\lst@lostspace=\dimen270
\lst@width=\dimen271
\lst@newlines=\count495
\lst@lineno=\count496
\lst@maxwidth=\dimen272

(C:\Users\immun\AppData\Local\Programs\MiKTeX\tex/latex/listings\lstpatch.sty
File: lstpatch.sty 2024/03/11 1.10a (Carsten Heinz)
)
(C:\Users\immun\AppData\Local\Programs\MiKTeX\tex/latex/listings\lstmisc.sty
File: lstmisc.sty 2024/03/11 1.10a (Carsten Heinz)
\c@lstnumber=\count497
\lst@skipnumbers=\count498
\lst@framebox=\box80
)
(C:\Users\immun\AppData\Local\Programs\MiKTeX\tex/latex/listings\listings.cfg
File: listings.cfg 2024/03/11 1.10a listings configuration
))
Package: listings 2024/03/11 1.10a (Carsten Heinz)
(C:\Users\immun\AppData\Local\Programs\MiKTeX\tex/latex/booktabs\booktabs.sty
Package: booktabs 2020/01/12 v1.61803398 Publication quality tables
\heavyrulewidth=\dimen273
\lightrulewidth=\dimen274
\cmidrulewidth=\dimen275
\belowrulesep=\dimen276
\belowbottomsep=\dimen277
\aboverulesep=\dimen278
\abovetopsep=\dimen279
\cmidrulesep=\dimen280
\cmidrulekern=\dimen281
\defaultaddspace=\dimen282
\@cmidla=\count499
\@cmidlb=\count500
\@aboverulesep=\dimen283
\@belowrulesep=\dimen284
\@thisruleclass=\count501
\@lastruleclass=\count502
\@thisrulewidth=\dimen285
)
(C:\Users\immun\AppData\Local\Programs\MiKTeX\tex/latex/tools\longtable.sty
Package: longtable 2023-11-01 v4.19 Multi-page Table package (DPC)
\LTleft=\skip118
\LTright=\skip119
\LTpre=\skip120
\LTpost=\skip121
\LTchunksize=\count503
\LTcapwidth=\dimen286
\LT@head=\box81
\LT@firsthead=\box82
\LT@foot=\box83
\LT@lastfoot=\box84
\LT@gbox=\box85
\LT@cols=\count504
\LT@rows=\count505
\c@LT@tables=\count506
\c@LT@chunks=\count507
\LT@p@ftn=\toks48
)
(C:\Users\immun\AppData\Local\Programs\MiKTeX\tex/latex/makecell\makecell.sty
Package: makecell 2009/08/03 V0.1e Managing of Tab Column Heads and Cells
\rotheadsize=\dimen287
\c@nlinenum=\count508
\TeXr@lab=\toks49
)
(C:\Users\immun\AppData\Local\Programs\MiKTeX\tex/latex/tools\multicol.sty
Package: multicol 2023/03/30 v1.9f multicolumn formatting (FMi)
\c@tracingmulticols=\count509
\mult@box=\box86
\multicol@leftmargin=\dimen288
\c@unbalance=\count510
\c@collectmore=\count511
\doublecol@number=\count512
\multicoltolerance=\count513
\multicolpretolerance=\count514
\full@width=\dimen289
\page@free=\dimen290
\premulticols=\dimen291
\postmulticols=\dimen292
\multicolsep=\skip122
\multicolbaselineskip=\skip123
\partial@page=\box87
\last@line=\box88
\mc@boxedresult=\box89
\maxbalancingoverflow=\dimen293
\mult@rightbox=\box90
\mult@grightbox=\box91
\mult@firstbox=\box92
\mult@gfirstbox=\box93
\@tempa=\box94
\@tempa=\box95
\@tempa=\box96
\@tempa=\box97
\@tempa=\box98
\@tempa=\box99
\@tempa=\box100
\@tempa=\box101
\@tempa=\box102
\@tempa=\box103
\@tempa=\box104
\@tempa=\box105
\@tempa=\box106
\@tempa=\box107
\@tempa=\box108
\@tempa=\box109
\@tempa=\box110
\@tempa=\box111
\@tempa=\box112
\@tempa=\box113
\@tempa=\box114
\@tempa=\box115
\@tempa=\box116
\@tempa=\box117
\@tempa=\box118
\@tempa=\box119
\@tempa=\box120
\@tempa=\box121
\@tempa=\box122
\@tempa=\box123
\@tempa=\box124
\@tempa=\box125
\@tempa=\box126
\@tempa=\box127
\@tempa=\box128
\@tempa=\box129
\c@minrows=\count515
\c@columnbadness=\count516
\c@finalcolumnbadness=\count517
\last@try=\dimen294
\multicolovershoot=\dimen295
\multicolundershoot=\dimen296
\mult@nat@firstbox=\box130
\colbreak@box=\box131
\mc@col@check@num=\count518
)
(C:\Users\immun\AppData\Local\Programs\MiKTeX\tex/latex/multirow\multirow.sty
Package: multirow 2021/03/15 v2.8 Span multiple rows of a table
\multirow@colwidth=\skip124
\multirow@cntb=\count519
\multirow@dima=\skip125
\bigstrutjot=\dimen297
)
(C:\Users\immun\AppData\Local\Programs\MiKTeX\tex/latex/tools\tabularx.sty
Package: tabularx 2023/07/08 v2.11c `tabularx' package (DPC)
\TX@col@width=\dimen298
\TX@old@table=\dimen299
\TX@old@col=\dimen300
\TX@target=\dimen301
\TX@delta=\dimen302
\TX@cols=\count520
\TX@ftn=\toks50
)
(C:\Users\immun\AppData\Local\Programs\MiKTeX\tex/latex/xltabular\xltabular.sty
Package: xltabular 2020/11/04 v0.2e `xltabular' package (hv,RN)
(C:\Users\immun\AppData\Local\Programs\MiKTeX\tex/latex/ltablex\ltablex.sty
Package: ltablex 2014/08/13 v1.1 Modified tabularx
))
(C:\Users\immun\AppData\Local\Programs\MiKTeX\tex/latex/setspace\setspace.sty
Package: setspace 2022/12/04 v6.7b set line spacing
)
(C:\Users\immun\AppData\Local\Programs\MiKTeX\tex/latex/seqsplit\seqsplit.sty
Package: seqsplit 2006/08/07 v0.1 Splitting long sequences (DNA, RNA, proteins,
 etc.) 
)
(C:\Users\immun\AppData\Local\Programs\MiKTeX\tex/latex/sidecap\sidecap.sty
Package: sidecap 2023/01/24 v1.7a SideCap Package (RN/HjG)
\SC@BOXWD=\dimen303
\SC@CAPWD=\dimen304
\SC@tempdima=\dimen305
\SC@tempdimb=\dimen306
\c@SC@C=\count521
\SC@BOX=\box132
)
(C:\Users\immun\AppData\Local\Programs\MiKTeX\tex/latex/tocloft\tocloft.sty
Package: tocloft 2017/08/31 v2.3i parameterised ToC, etc., typesetting
Package tocloft Info: The document has chapter divisions on input line 51.
\cftparskip=\skip126
\cftbeforetoctitleskip=\skip127
\cftaftertoctitleskip=\skip128
\cftbeforepartskip=\skip129
\cftpartnumwidth=\skip130
\cftpartindent=\skip131
\cftbeforechapskip=\skip132
\cftchapindent=\skip133
\cftchapnumwidth=\skip134
\cftbeforesecskip=\skip135
\cftsecindent=\skip136
\cftsecnumwidth=\skip137
\cftbeforesubsecskip=\skip138
\cftsubsecindent=\skip139
\cftsubsecnumwidth=\skip140
\cftbeforesubsubsecskip=\skip141
\cftsubsubsecindent=\skip142
\cftsubsubsecnumwidth=\skip143
\cftbeforeparaskip=\skip144
\cftparaindent=\skip145
\cftparanumwidth=\skip146
\cftbeforesubparaskip=\skip147
\cftsubparaindent=\skip148
\cftsubparanumwidth=\skip149
\cftbeforeloftitleskip=\skip150
\cftafterloftitleskip=\skip151
\cftbeforefigskip=\skip152
\cftfigindent=\skip153
\cftfignumwidth=\skip154
\c@lofdepth=\count522
\c@lotdepth=\count523
\cftbeforelottitleskip=\skip155
\cftafterlottitleskip=\skip156
\cftbeforetabskip=\skip157
\cfttabindent=\skip158
\cfttabnumwidth=\skip159
)
(C:\Users\immun\AppData\Local\Programs\MiKTeX\tex/latex/base\textcomp.sty
Package: textcomp 2020/02/02 v2.0n Standard LaTeX package
)
(C:\Users\immun\AppData\Local\Programs\MiKTeX\tex/latex/titlesec\titlesec.sty
Package: titlesec 2023/10/27 v2.16 Sectioning titles
\ttl@box=\box133
\beforetitleunit=\skip160
\aftertitleunit=\skip161
\ttl@plus=\dimen307
\ttl@minus=\dimen308
\ttl@toksa=\toks51
\titlewidth=\dimen309
\titlewidthlast=\dimen310
\titlewidthfirst=\dimen311
)
(C:\Users\immun\AppData\Local\Programs\MiKTeX\tex/latex/pgf/frontendlayer\tikz.
sty
(C:\Users\immun\AppData\Local\Programs\MiKTeX\tex/latex/pgf/basiclayer\pgf.sty
(C:\Users\immun\AppData\Local\Programs\MiKTeX\tex/latex/pgf/utilities\pgfrcs.st
y
(C:\Users\immun\AppData\Local\Programs\MiKTeX\tex/generic/pgf/utilities\pgfutil
-common.tex
\pgfutil@everybye=\toks52
\pgfutil@tempdima=\dimen312
\pgfutil@tempdimb=\dimen313
)
(C:\Users\immun\AppData\Local\Programs\MiKTeX\tex/generic/pgf/utilities\pgfutil
-latex.def
\pgfutil@abb=\box134
)
(C:\Users\immun\AppData\Local\Programs\MiKTeX\tex/generic/pgf/utilities\pgfrcs.
code.tex
(C:\Users\immun\AppData\Local\Programs\MiKTeX\tex/generic/pgf\pgf.revision.tex)
Package: pgfrcs 2023-01-15 v3.1.10 (3.1.10)
))
Package: pgf 2023-01-15 v3.1.10 (3.1.10)

(C:\Users\immun\AppData\Local\Programs\MiKTeX\tex/latex/pgf/basiclayer\pgfcore.
sty
(C:\Users\immun\AppData\Local\Programs\MiKTeX\tex/latex/pgf/systemlayer\pgfsys.
sty
(C:\Users\immun\AppData\Local\Programs\MiKTeX\tex/generic/pgf/systemlayer\pgfsy
s.code.tex
Package: pgfsys 2023-01-15 v3.1.10 (3.1.10)

(C:\Users\immun\AppData\Local\Programs\MiKTeX\tex/generic/pgf/utilities\pgfkeys
.code.tex
\pgfkeys@pathtoks=\toks53
\pgfkeys@temptoks=\toks54

(C:\Users\immun\AppData\Local\Programs\MiKTeX\tex/generic/pgf/utilities\pgfkeys
libraryfiltered.code.tex
\pgfkeys@tmptoks=\toks55
))
\pgf@x=\dimen314
\pgf@y=\dimen315
\pgf@xa=\dimen316
\pgf@ya=\dimen317
\pgf@xb=\dimen318
\pgf@yb=\dimen319
\pgf@xc=\dimen320
\pgf@yc=\dimen321
\pgf@xd=\dimen322
\pgf@yd=\dimen323
\w@pgf@writea=\write5
\r@pgf@reada=\read5
\c@pgf@counta=\count524
\c@pgf@countb=\count525
\c@pgf@countc=\count526
\c@pgf@countd=\count527
\t@pgf@toka=\toks56
\t@pgf@tokb=\toks57
\t@pgf@tokc=\toks58
\pgf@sys@id@count=\count528

(C:\Users\immun\AppData\Local\Programs\MiKTeX\tex/generic/pgf/systemlayer\pgf.c
fg
File: pgf.cfg 2023-01-15 v3.1.10 (3.1.10)
)
Driver file for pgf: pgfsys-pdftex.def

(C:\Users\immun\AppData\Local\Programs\MiKTeX\tex/generic/pgf/systemlayer\pgfsy
s-pdftex.def
File: pgfsys-pdftex.def 2023-01-15 v3.1.10 (3.1.10)

(C:\Users\immun\AppData\Local\Programs\MiKTeX\tex/generic/pgf/systemlayer\pgfsy
s-common-pdf.def
File: pgfsys-common-pdf.def 2023-01-15 v3.1.10 (3.1.10)
)))
(C:\Users\immun\AppData\Local\Programs\MiKTeX\tex/generic/pgf/systemlayer\pgfsy
ssoftpath.code.tex
File: pgfsyssoftpath.code.tex 2023-01-15 v3.1.10 (3.1.10)
\pgfsyssoftpath@smallbuffer@items=\count529
\pgfsyssoftpath@bigbuffer@items=\count530
)
(C:\Users\immun\AppData\Local\Programs\MiKTeX\tex/generic/pgf/systemlayer\pgfsy
sprotocol.code.tex
File: pgfsysprotocol.code.tex 2023-01-15 v3.1.10 (3.1.10)
))
(C:\Users\immun\AppData\Local\Programs\MiKTeX\tex/generic/pgf/basiclayer\pgfcor
e.code.tex
Package: pgfcore 2023-01-15 v3.1.10 (3.1.10)

(C:\Users\immun\AppData\Local\Programs\MiKTeX\tex/generic/pgf/math\pgfmath.code
.tex
(C:\Users\immun\AppData\Local\Programs\MiKTeX\tex/generic/pgf/math\pgfmathutil.
code.tex)
(C:\Users\immun\AppData\Local\Programs\MiKTeX\tex/generic/pgf/math\pgfmathparse
r.code.tex
\pgfmath@dimen=\dimen324
\pgfmath@count=\count531
\pgfmath@box=\box135
\pgfmath@toks=\toks59
\pgfmath@stack@operand=\toks60
\pgfmath@stack@operation=\toks61
)
(C:\Users\immun\AppData\Local\Programs\MiKTeX\tex/generic/pgf/math\pgfmathfunct
ions.code.tex)
(C:\Users\immun\AppData\Local\Programs\MiKTeX\tex/generic/pgf/math\pgfmathfunct
ions.basic.code.tex)
(C:\Users\immun\AppData\Local\Programs\MiKTeX\tex/generic/pgf/math\pgfmathfunct
ions.trigonometric.code.tex)
(C:\Users\immun\AppData\Local\Programs\MiKTeX\tex/generic/pgf/math\pgfmathfunct
ions.random.code.tex)
(C:\Users\immun\AppData\Local\Programs\MiKTeX\tex/generic/pgf/math\pgfmathfunct
ions.comparison.code.tex)
(C:\Users\immun\AppData\Local\Programs\MiKTeX\tex/generic/pgf/math\pgfmathfunct
ions.base.code.tex)
(C:\Users\immun\AppData\Local\Programs\MiKTeX\tex/generic/pgf/math\pgfmathfunct
ions.round.code.tex)
(C:\Users\immun\AppData\Local\Programs\MiKTeX\tex/generic/pgf/math\pgfmathfunct
ions.misc.code.tex)
(C:\Users\immun\AppData\Local\Programs\MiKTeX\tex/generic/pgf/math\pgfmathfunct
ions.integerarithmetics.code.tex)
(C:\Users\immun\AppData\Local\Programs\MiKTeX\tex/generic/pgf/math\pgfmathcalc.
code.tex)
(C:\Users\immun\AppData\Local\Programs\MiKTeX\tex/generic/pgf/math\pgfmathfloat
.code.tex
\c@pgfmathroundto@lastzeros=\count532
))
(C:\Users\immun\AppData\Local\Programs\MiKTeX\tex/generic/pgf/math\pgfint.code.
tex)
(C:\Users\immun\AppData\Local\Programs\MiKTeX\tex/generic/pgf/basiclayer\pgfcor
epoints.code.tex
File: pgfcorepoints.code.tex 2023-01-15 v3.1.10 (3.1.10)
\pgf@picminx=\dimen325
\pgf@picmaxx=\dimen326
\pgf@picminy=\dimen327
\pgf@picmaxy=\dimen328
\pgf@pathminx=\dimen329
\pgf@pathmaxx=\dimen330
\pgf@pathminy=\dimen331
\pgf@pathmaxy=\dimen332
\pgf@xx=\dimen333
\pgf@xy=\dimen334
\pgf@yx=\dimen335
\pgf@yy=\dimen336
\pgf@zx=\dimen337
\pgf@zy=\dimen338
)
(C:\Users\immun\AppData\Local\Programs\MiKTeX\tex/generic/pgf/basiclayer\pgfcor
epathconstruct.code.tex
File: pgfcorepathconstruct.code.tex 2023-01-15 v3.1.10 (3.1.10)
\pgf@path@lastx=\dimen339
\pgf@path@lasty=\dimen340
)
(C:\Users\immun\AppData\Local\Programs\MiKTeX\tex/generic/pgf/basiclayer\pgfcor
epathusage.code.tex
File: pgfcorepathusage.code.tex 2023-01-15 v3.1.10 (3.1.10)
\pgf@shorten@end@additional=\dimen341
\pgf@shorten@start@additional=\dimen342
)
(C:\Users\immun\AppData\Local\Programs\MiKTeX\tex/generic/pgf/basiclayer\pgfcor
escopes.code.tex
File: pgfcorescopes.code.tex 2023-01-15 v3.1.10 (3.1.10)
\pgfpic=\box136
\pgf@hbox=\box137
\pgf@layerbox@main=\box138
\pgf@picture@serial@count=\count533
)
(C:\Users\immun\AppData\Local\Programs\MiKTeX\tex/generic/pgf/basiclayer\pgfcor
egraphicstate.code.tex
File: pgfcoregraphicstate.code.tex 2023-01-15 v3.1.10 (3.1.10)
\pgflinewidth=\dimen343
)
(C:\Users\immun\AppData\Local\Programs\MiKTeX\tex/generic/pgf/basiclayer\pgfcor
etransformations.code.tex
File: pgfcoretransformations.code.tex 2023-01-15 v3.1.10 (3.1.10)
\pgf@pt@x=\dimen344
\pgf@pt@y=\dimen345
\pgf@pt@temp=\dimen346
)
(C:\Users\immun\AppData\Local\Programs\MiKTeX\tex/generic/pgf/basiclayer\pgfcor
equick.code.tex
File: pgfcorequick.code.tex 2023-01-15 v3.1.10 (3.1.10)
)
(C:\Users\immun\AppData\Local\Programs\MiKTeX\tex/generic/pgf/basiclayer\pgfcor
eobjects.code.tex
File: pgfcoreobjects.code.tex 2023-01-15 v3.1.10 (3.1.10)
)
(C:\Users\immun\AppData\Local\Programs\MiKTeX\tex/generic/pgf/basiclayer\pgfcor
epathprocessing.code.tex
File: pgfcorepathprocessing.code.tex 2023-01-15 v3.1.10 (3.1.10)
)
(C:\Users\immun\AppData\Local\Programs\MiKTeX\tex/generic/pgf/basiclayer\pgfcor
earrows.code.tex
File: pgfcorearrows.code.tex 2023-01-15 v3.1.10 (3.1.10)
\pgfarrowsep=\dimen347
)
(C:\Users\immun\AppData\Local\Programs\MiKTeX\tex/generic/pgf/basiclayer\pgfcor
eshade.code.tex
File: pgfcoreshade.code.tex 2023-01-15 v3.1.10 (3.1.10)
\pgf@max=\dimen348
\pgf@sys@shading@range@num=\count534
\pgf@shadingcount=\count535
)
(C:\Users\immun\AppData\Local\Programs\MiKTeX\tex/generic/pgf/basiclayer\pgfcor
eimage.code.tex
File: pgfcoreimage.code.tex 2023-01-15 v3.1.10 (3.1.10)
)
(C:\Users\immun\AppData\Local\Programs\MiKTeX\tex/generic/pgf/basiclayer\pgfcor
eexternal.code.tex
File: pgfcoreexternal.code.tex 2023-01-15 v3.1.10 (3.1.10)
\pgfexternal@startupbox=\box139
)
(C:\Users\immun\AppData\Local\Programs\MiKTeX\tex/generic/pgf/basiclayer\pgfcor
elayers.code.tex
File: pgfcorelayers.code.tex 2023-01-15 v3.1.10 (3.1.10)
)
(C:\Users\immun\AppData\Local\Programs\MiKTeX\tex/generic/pgf/basiclayer\pgfcor
etransparency.code.tex
File: pgfcoretransparency.code.tex 2023-01-15 v3.1.10 (3.1.10)
)
(C:\Users\immun\AppData\Local\Programs\MiKTeX\tex/generic/pgf/basiclayer\pgfcor
epatterns.code.tex
File: pgfcorepatterns.code.tex 2023-01-15 v3.1.10 (3.1.10)
)
(C:\Users\immun\AppData\Local\Programs\MiKTeX\tex/generic/pgf/basiclayer\pgfcor
erdf.code.tex
File: pgfcorerdf.code.tex 2023-01-15 v3.1.10 (3.1.10)
)))
(C:\Users\immun\AppData\Local\Programs\MiKTeX\tex/generic/pgf/modules\pgfmodule
shapes.code.tex
File: pgfmoduleshapes.code.tex 2023-01-15 v3.1.10 (3.1.10)
\pgfnodeparttextbox=\box140
)
(C:\Users\immun\AppData\Local\Programs\MiKTeX\tex/generic/pgf/modules\pgfmodule
plot.code.tex
File: pgfmoduleplot.code.tex 2023-01-15 v3.1.10 (3.1.10)
)
(C:\Users\immun\AppData\Local\Programs\MiKTeX\tex/latex/pgf/compatibility\pgfco
mp-version-0-65.sty
Package: pgfcomp-version-0-65 2023-01-15 v3.1.10 (3.1.10)
\pgf@nodesepstart=\dimen349
\pgf@nodesepend=\dimen350
)
(C:\Users\immun\AppData\Local\Programs\MiKTeX\tex/latex/pgf/compatibility\pgfco
mp-version-1-18.sty
Package: pgfcomp-version-1-18 2023-01-15 v3.1.10 (3.1.10)
))
(C:\Users\immun\AppData\Local\Programs\MiKTeX\tex/latex/pgf/utilities\pgffor.st
y
(C:\Users\immun\AppData\Local\Programs\MiKTeX\tex/latex/pgf/utilities\pgfkeys.s
ty
(C:\Users\immun\AppData\Local\Programs\MiKTeX\tex/generic/pgf/utilities\pgfkeys
.code.tex))
(C:\Users\immun\AppData\Local\Programs\MiKTeX\tex/latex/pgf/math\pgfmath.sty
(C:\Users\immun\AppData\Local\Programs\MiKTeX\tex/generic/pgf/math\pgfmath.code
.tex))
(C:\Users\immun\AppData\Local\Programs\MiKTeX\tex/generic/pgf/utilities\pgffor.
code.tex
Package: pgffor 2023-01-15 v3.1.10 (3.1.10)
\pgffor@iter=\dimen351
\pgffor@skip=\dimen352
\pgffor@stack=\toks62
\pgffor@toks=\toks63
))
(C:\Users\immun\AppData\Local\Programs\MiKTeX\tex/generic/pgf/frontendlayer/tik
z\tikz.code.tex
Package: tikz 2023-01-15 v3.1.10 (3.1.10)

(C:\Users\immun\AppData\Local\Programs\MiKTeX\tex/generic/pgf/libraries\pgflibr
aryplothandlers.code.tex
File: pgflibraryplothandlers.code.tex 2023-01-15 v3.1.10 (3.1.10)
\pgf@plot@mark@count=\count536
\pgfplotmarksize=\dimen353
)
\tikz@lastx=\dimen354
\tikz@lasty=\dimen355
\tikz@lastxsaved=\dimen356
\tikz@lastysaved=\dimen357
\tikz@lastmovetox=\dimen358
\tikz@lastmovetoy=\dimen359
\tikzleveldistance=\dimen360
\tikzsiblingdistance=\dimen361
\tikz@figbox=\box141
\tikz@figbox@bg=\box142
\tikz@tempbox=\box143
\tikz@tempbox@bg=\box144
\tikztreelevel=\count537
\tikznumberofchildren=\count538
\tikznumberofcurrentchild=\count539
\tikz@fig@count=\count540

(C:\Users\immun\AppData\Local\Programs\MiKTeX\tex/generic/pgf/modules\pgfmodule
matrix.code.tex
File: pgfmodulematrix.code.tex 2023-01-15 v3.1.10 (3.1.10)
\pgfmatrixcurrentrow=\count541
\pgfmatrixcurrentcolumn=\count542
\pgf@matrix@numberofcolumns=\count543
)
\tikz@expandcount=\count544

(C:\Users\immun\AppData\Local\Programs\MiKTeX\tex/generic/pgf/frontendlayer/tik
z/libraries\tikzlibrarytopaths.code.tex
File: tikzlibrarytopaths.code.tex 2023-01-15 v3.1.10 (3.1.10)
)))
(C:\Users\immun\AppData\Local\Programs\MiKTeX\tex/latex/caption\subcaption.sty
Package: subcaption 2023/07/28 v1.6b Sub-captions (AR)
Package caption Info: New subtype `subfigure' on input line 238.
\c@subfigure=\count545
Package caption Info: New subtype `subtable' on input line 238.
\c@subtable=\count546
)
Package hyperref Info: Option `linktocpage' set `true' on input line 175.
Package hyperref Info: Option `unicode' set `true' on input line 175.
Package hyperref Info: Option `colorlinks' set `true' on input line 175.

(C:\Users\immun\AppData\Local\Programs\MiKTeX\tex/generic/pgf/frontendlayer/tik
z/libraries\tikzlibrarypositioning.code.tex
File: tikzlibrarypositioning.code.tex 2023-01-15 v3.1.10 (3.1.10)
)
(C:\Users\immun\AppData\Local\Programs\MiKTeX\tex/generic/pgf/frontendlayer/tik
z/libraries\tikzlibraryshapes.code.tex
File: tikzlibraryshapes.code.tex 2023-01-15 v3.1.10 (3.1.10)

(C:\Users\immun\AppData\Local\Programs\MiKTeX\tex/generic/pgf/frontendlayer/tik
z/libraries\tikzlibraryshapes.geometric.code.tex
File: tikzlibraryshapes.geometric.code.tex 2023-01-15 v3.1.10 (3.1.10)

(C:\Users\immun\AppData\Local\Programs\MiKTeX\tex/generic/pgf/libraries/shapes\
pgflibraryshapes.geometric.code.tex
File: pgflibraryshapes.geometric.code.tex 2023-01-15 v3.1.10 (3.1.10)
))
(C:\Users\immun\AppData\Local\Programs\MiKTeX\tex/generic/pgf/frontendlayer/tik
z/libraries\tikzlibraryshapes.misc.code.tex
File: tikzlibraryshapes.misc.code.tex 2023-01-15 v3.1.10 (3.1.10)

(C:\Users\immun\AppData\Local\Programs\MiKTeX\tex/generic/pgf/libraries/shapes\
pgflibraryshapes.misc.code.tex
File: pgflibraryshapes.misc.code.tex 2023-01-15 v3.1.10 (3.1.10)
))
(C:\Users\immun\AppData\Local\Programs\MiKTeX\tex/generic/pgf/frontendlayer/tik
z/libraries\tikzlibraryshapes.symbols.code.tex
File: tikzlibraryshapes.symbols.code.tex 2023-01-15 v3.1.10 (3.1.10)

(C:\Users\immun\AppData\Local\Programs\MiKTeX\tex/generic/pgf/libraries/shapes\
pgflibraryshapes.symbols.code.tex
File: pgflibraryshapes.symbols.code.tex 2023-01-15 v3.1.10 (3.1.10)
))
(C:\Users\immun\AppData\Local\Programs\MiKTeX\tex/generic/pgf/frontendlayer/tik
z/libraries\tikzlibraryshapes.arrows.code.tex
File: tikzlibraryshapes.arrows.code.tex 2023-01-15 v3.1.10 (3.1.10)

(C:\Users\immun\AppData\Local\Programs\MiKTeX\tex/generic/pgf/libraries/shapes\
pgflibraryshapes.arrows.code.tex
File: pgflibraryshapes.arrows.code.tex 2023-01-15 v3.1.10 (3.1.10)
))
(C:\Users\immun\AppData\Local\Programs\MiKTeX\tex/generic/pgf/frontendlayer/tik
z/libraries\tikzlibraryshapes.callouts.code.tex
(C:\Users\immun\AppData\Local\Programs\MiKTeX\tex/generic/pgf/libraries/shapes\
pgflibraryshapes.callouts.code.tex))
(C:\Users\immun\AppData\Local\Programs\MiKTeX\tex/generic/pgf/frontendlayer/tik
z/libraries\tikzlibraryshapes.multipart.code.tex
File: tikzlibraryshapes.multipart.code.tex 2023-01-15 v3.1.10 (3.1.10)

(C:\Users\immun\AppData\Local\Programs\MiKTeX\tex/generic/pgf/libraries/shapes\
pgflibraryshapes.multipart.code.tex
File: pgflibraryshapes.multipart.code.tex 2023-01-15 v3.1.10 (3.1.10)
\pgfnodepartlowerbox=\box145
\pgfnodeparttwobox=\box146
\pgfnodepartthreebox=\box147
\pgfnodepartfourbox=\box148
\pgfnodeparttwentybox=\box149
\pgfnodepartnineteenbox=\box150
\pgfnodeparteighteenbox=\box151
\pgfnodepartseventeenbox=\box152
\pgfnodepartsixteenbox=\box153
\pgfnodepartfifteenbox=\box154
\pgfnodepartfourteenbox=\box155
\pgfnodepartthirteenbox=\box156
\pgfnodeparttwelvebox=\box157
\pgfnodepartelevenbox=\box158
\pgfnodeparttenbox=\box159
\pgfnodepartninebox=\box160
\pgfnodeparteightbox=\box161
\pgfnodepartsevenbox=\box162
\pgfnodepartsixbox=\box163
\pgfnodepartfivebox=\box164
)))
(C:\Users\immun\AppData\Local\Programs\MiKTeX\tex/generic/pgf/frontendlayer/tik
z/libraries\tikzlibraryarrows.code.tex
File: tikzlibraryarrows.code.tex 2023-01-15 v3.1.10 (3.1.10)

(C:\Users\immun\AppData\Local\Programs\MiKTeX\tex/generic/pgf/libraries\pgflibr
aryarrows.code.tex
File: pgflibraryarrows.code.tex 2023-01-15 v3.1.10 (3.1.10)
\arrowsize=\dimen362
))
(C:\Users\immun\AppData\Local\Programs\MiKTeX\tex/latex/lm\lmodern.sty
Package: lmodern 2015/05/01 v1.6.1 Latin Modern Fonts
LaTeX Font Info:    Overwriting symbol font `operators' in version `normal'
(Font)                  OT1/cmr/m/n --> OT1/lmr/m/n on input line 22.
LaTeX Font Info:    Overwriting symbol font `letters' in version `normal'
(Font)                  OML/cmm/m/it --> OML/lmm/m/it on input line 23.
LaTeX Font Info:    Overwriting symbol font `symbols' in version `normal'
(Font)                  OMS/cmsy/m/n --> OMS/lmsy/m/n on input line 24.
LaTeX Font Info:    Overwriting symbol font `largesymbols' in version `normal'
(Font)                  OMX/cmex/m/n --> OMX/lmex/m/n on input line 25.
LaTeX Font Info:    Overwriting symbol font `operators' in version `bold'
(Font)                  OT1/cmr/bx/n --> OT1/lmr/bx/n on input line 26.
LaTeX Font Info:    Overwriting symbol font `letters' in version `bold'
(Font)                  OML/cmm/b/it --> OML/lmm/b/it on input line 27.
LaTeX Font Info:    Overwriting symbol font `symbols' in version `bold'
(Font)                  OMS/cmsy/b/n --> OMS/lmsy/b/n on input line 28.
LaTeX Font Info:    Overwriting symbol font `largesymbols' in version `bold'
(Font)                  OMX/cmex/m/n --> OMX/lmex/m/n on input line 29.
LaTeX Font Info:    Overwriting math alphabet `\mathbf' in version `normal'
(Font)                  OT1/cmr/bx/n --> OT1/lmr/bx/n on input line 31.
LaTeX Font Info:    Overwriting math alphabet `\mathsf' in version `normal'
(Font)                  OT1/cmss/m/n --> OT1/lmss/m/n on input line 32.
LaTeX Font Info:    Overwriting math alphabet `\mathit' in version `normal'
(Font)                  OT1/cmr/m/it --> OT1/lmr/m/it on input line 33.
LaTeX Font Info:    Overwriting math alphabet `\mathtt' in version `normal'
(Font)                  OT1/cmtt/m/n --> OT1/lmtt/m/n on input line 34.
LaTeX Font Info:    Overwriting math alphabet `\mathbf' in version `bold'
(Font)                  OT1/cmr/bx/n --> OT1/lmr/bx/n on input line 35.
LaTeX Font Info:    Overwriting math alphabet `\mathsf' in version `bold'
(Font)                  OT1/cmss/bx/n --> OT1/lmss/bx/n on input line 36.
LaTeX Font Info:    Overwriting math alphabet `\mathit' in version `bold'
(Font)                  OT1/cmr/bx/it --> OT1/lmr/bx/it on input line 37.
LaTeX Font Info:    Overwriting math alphabet `\mathtt' in version `bold'
(Font)                  OT1/cmtt/m/n --> OT1/lmtt/m/n on input line 38.
)
\epi@textbox=\box165
\epi@sourcebox=\box166
\epi@finalwidth=\skip162

(C:\Users\immun\AppData\Local\Programs\MiKTeX\tex/latex/listings\lstlang1.sty
File: lstlang1.sty 2024/03/11 1.10a listings language file
)
(C:\Users\immun\AppData\Local\Programs\MiKTeX\tex/latex/listings\lstlang1.sty
File: lstlang1.sty 2024/03/11 1.10a listings language file
)
Package csquotes Info: Checking for multilingual support...
Package csquotes Info: ... found 'babel' package.
Package csquotes Info: Adjusting default style.
Package csquotes Info: Redefining alias 'default' -> 'american'.
LaTeX Font Info:    Trying to load font information for T1+lmr on input line 47
1.

(C:\Users\immun\AppData\Local\Programs\MiKTeX\tex/latex/lm\t1lmr.fd
File: t1lmr.fd 2015/05/01 v1.6.1 Font defs for Latin Modern
)
(00-main.aux (01-title.aux) (02-abstract.aux) (05-chapter-1.aux)
(06-chapter-2.aux) (07-chapter-3.aux) (08-chapter-4.aux) (09-chapter-5.aux)
(10-references.aux) (11-appendix-A.aux))
\openout1 = `00-main.aux'.

LaTeX Font Info:    Checking defaults for OML/cmm/m/it on input line 471.
LaTeX Font Info:    ... okay on input line 471.
LaTeX Font Info:    Checking defaults for OMS/cmsy/m/n on input line 471.
LaTeX Font Info:    ... okay on input line 471.
LaTeX Font Info:    Checking defaults for OT1/cmr/m/n on input line 471.
LaTeX Font Info:    ... okay on input line 471.
LaTeX Font Info:    Checking defaults for T1/cmr/m/n on input line 471.
LaTeX Font Info:    ... okay on input line 471.
LaTeX Font Info:    Checking defaults for TS1/cmr/m/n on input line 471.
LaTeX Font Info:    ... okay on input line 471.
LaTeX Font Info:    Checking defaults for OMX/cmex/m/n on input line 471.
LaTeX Font Info:    ... okay on input line 471.
LaTeX Font Info:    Checking defaults for U/cmr/m/n on input line 471.
LaTeX Font Info:    ... okay on input line 471.
LaTeX Font Info:    Checking defaults for PD1/pdf/m/n on input line 471.
LaTeX Font Info:    ... okay on input line 471.
LaTeX Font Info:    Checking defaults for PU/pdf/m/n on input line 471.
LaTeX Font Info:    ... okay on input line 471.

(C:\Users\immun\AppData\Local\Programs\MiKTeX\tex/context/base/mkii\supp-pdf.mk
ii
[Loading MPS to PDF converter (version 2006.09.02).]
\scratchcounter=\count547
\scratchdimen=\dimen363
\scratchbox=\box167
\nofMPsegments=\count548
\nofMParguments=\count549
\everyMPshowfont=\toks64
\MPscratchCnt=\count550
\MPscratchDim=\dimen364
\MPnumerator=\count551
\makeMPintoPDFobject=\count552
\everyMPtoPDFconversion=\toks65
)
(C:\Users\immun\AppData\Local\Programs\MiKTeX\tex/latex/epstopdf-pkg\epstopdf-b
ase.sty
Package: epstopdf-base 2020-01-24 v2.11 Base part for package epstopdf
Package epstopdf-base Info: Redefining graphics rule for `.eps' on input line 4
85.

(C:\Users\immun\AppData\Local\Programs\MiKTeX\tex/latex/00miktex\epstopdf-sys.c
fg
File: epstopdf-sys.cfg 2021/03/18 v2.0 Configuration of epstopdf for MiKTeX
))
Package hyperref Info: Link coloring ON on input line 471.
 (00-main.out) (00-main.out)
\@outlinefile=\write6
\openout6 = `00-main.out'.


(C:\Users\immun\AppData\Local\Programs\MiKTeX\tex/latex/translations/dicts\tran
slations-basic-dictionary-english.trsl
File: translations-basic-dictionary-english.trsl (english translation file `tra
nslations-basic-dictionary')
)
Package biblatex Info: Trying to load language 'american'...
Package biblatex Info: ... file 'american.lbx' found.

(C:\Users\immun\AppData\Local\Programs\MiKTeX\tex/latex/biblatex/lbx\american.l
bx
File: american.lbx 2024/03/21 v3.20 biblatex localization (PK/MW)
Package biblatex Info: Trying to load language 'english'...
Package biblatex Info: ... file 'english.lbx' found.

(C:\Users\immun\AppData\Local\Programs\MiKTeX\tex/latex/biblatex/lbx\english.lb
x
File: english.lbx 2024/03/21 v3.20 biblatex localization (PK/MW)
)
Package biblatex Info: Trying to load language 'english'...
Package biblatex Info: ... file 'english.lbx' found.

(C:\Users\immun\AppData\Local\Programs\MiKTeX\tex/latex/biblatex/lbx\english.lb
x
File: english.lbx 2024/03/21 v3.20 biblatex localization (PK/MW)
))
Package biblatex Info: Input encoding 'utf8' detected.
Package biblatex Info: Automatic encoding selection.
(biblatex)             Assuming data encoding 'utf8'.
\openout4 = `00-main.bcf'.

Package biblatex Info: Trying to load bibliographic data...
Package biblatex Info: ... file '00-main.bbl' found.
 (00-main.bbl)
Package biblatex Info: Reference section=0 on input line 471.
Package biblatex Info: Reference segment=0 on input line 471.
Package caption Info: Begin \AtBeginDocument code.
Package caption Info: float package is loaded.
Package caption Info: hypcap package is loaded.
Package caption Info: listings package is loaded.
Package caption Info: longtable package is loaded.

(C:\Users\immun\AppData\Local\Programs\MiKTeX\tex/latex/caption\ltcaption.sty
Package: ltcaption 2021/01/08 v1.4c longtable captions (AR)
)
Package caption Info: sidecap package is loaded.
Package caption Info: wrapfig package is loaded.
Package caption Info: End \AtBeginDocument code.

*geometry* driver: auto-detecting
*geometry* detected driver: pdftex
*geometry* verbose mode - [ preamble ] result:
* driver: pdftex
* paper: letterpaper
* layout: <same size as paper>
* layoutoffset:(h,v)=(0.0pt,0.0pt)
* modes: includehead includefoot heightrounded 
* h-part:(L,W,R)=(108.405pt, 433.62001pt, 72.26999pt)
* v-part:(T,H,B)=(72.26999pt, 650.43001pt, 72.26999pt)
* \paperwidth=614.295pt
* \paperheight=794.96999pt
* \textwidth=433.62001pt
* \textheight=577.5pt
* \oddsidemargin=36.13501pt
* \evensidemargin=36.13501pt
* \topmargin=0.0pt
* \headheight=30.0pt
* \headsep=10.0pt
* \topskip=12.0pt
* \footskip=30.0pt
* \marginparwidth=44.0pt
* \marginparsep=10.0pt
* \columnsep=10.0pt
* \skip\footins=10.8pt plus 4.0pt minus 2.0pt
* \hoffset=0.0pt
* \voffset=0.0pt
* \mag=1000
* \@twocolumnfalse
* \@twosidefalse
* \@mparswitchfalse
* \@reversemarginfalse
* (1in=72.27pt=25.4mm, 1cm=28.453pt)

\c@lstlisting=\count553
(C:\Users\immun\AppData\Local\Programs\MiKTeX\tex/latex/ragged2e\ragged2e.sty
Package: ragged2e 2023/06/22 v3.6 ragged2e Package
\CenteringLeftskip=\skip163
\RaggedLeftLeftskip=\skip164
\RaggedRightLeftskip=\skip165
\CenteringRightskip=\skip166
\RaggedLeftRightskip=\skip167
\RaggedRightRightskip=\skip168
\CenteringParfillskip=\skip169
\RaggedLeftParfillskip=\skip170
\RaggedRightParfillskip=\skip171
\JustifyingParfillskip=\skip172
\CenteringParindent=\skip173
\RaggedLeftParindent=\skip174
\RaggedRightParindent=\skip175
\JustifyingParindent=\skip176
)
\openout2 = `01-title.aux'.


(01-title.tex)
\openout2 = `02-abstract.aux'.

 (02-abstract.tex) [2






{C:/Users/immun/AppData/Local/Programs/MiKTeX/fonts/enc/dvips/lm/lm-ec.enc}] (0
0-main.toc
LaTeX Font Info:    Trying to load font information for OT1+lmr on input line 1
.

(C:\Users\immun\AppData\Local\Programs\MiKTeX\tex/latex/lm\ot1lmr.fd
File: ot1lmr.fd 2015/05/01 v1.6.1 Font defs for Latin Modern
)
LaTeX Font Info:    Trying to load font information for OML+lmm on input line 1
.

(C:\Users\immun\AppData\Local\Programs\MiKTeX\tex/latex/lm\omllmm.fd
File: omllmm.fd 2015/05/01 v1.6.1 Font defs for Latin Modern
)
LaTeX Font Info:    Trying to load font information for OMS+lmsy on input line 
1.

(C:\Users\immun\AppData\Local\Programs\MiKTeX\tex/latex/lm\omslmsy.fd
File: omslmsy.fd 2015/05/01 v1.6.1 Font defs for Latin Modern
)
LaTeX Font Info:    Trying to load font information for OMX+lmex on input line 
1.

(C:\Users\immun\AppData\Local\Programs\MiKTeX\tex/latex/lm\omxlmex.fd
File: omxlmex.fd 2015/05/01 v1.6.1 Font defs for Latin Modern
)
LaTeX Font Info:    External font `lmex10' loaded for size
(Font)              <12> on input line 1.
LaTeX Font Info:    External font `lmex10' loaded for size
(Font)              <8> on input line 1.
LaTeX Font Info:    External font `lmex10' loaded for size
(Font)              <6> on input line 1.
LaTeX Font Info:    Trying to load font information for U+msa on input line 1.

(C:\Users\immun\AppData\Local\Programs\MiKTeX\tex/latex/amsfonts\umsa.fd
File: umsa.fd 2013/01/14 v3.01 AMS symbols A
)
LaTeX Font Info:    Trying to load font information for U+msb on input line 1.

(C:\Users\immun\AppData\Local\Programs\MiKTeX\tex/latex/amsfonts\umsb.fd
File: umsb.fd 2013/01/14 v3.01 AMS symbols B
)
LaTeX Font Info:    Trying to load font information for U+bbold on input line 1
.

(C:\Users\immun\AppData\Local\Programs\MiKTeX\tex/latex/bbold\ubbold.fd)
LaTeX Font Info:    Trying to load font information for U+rsfs on input line 1.


(C:\Users\immun\AppData\Local\Programs\MiKTeX\tex/latex/jknappen\ursfs.fd
File: ursfs.fd 1998/03/24 rsfs font definition file (jk)
)
[3



])
\tf@toc=\write7
\openout7 = `00-main.toc'.

 [4] (00-main.lot)
\tf@lot=\write8
\openout8 = `00-main.lot'.

 [5

] (00-main.lof)
\tf@lof=\write9
\openout9 = `00-main.lof'.

 [6

]
\openout2 = `05-chapter-1.aux'.

 (05-chapter-1.tex
Chapter 1.

Underfull \hbox (badness 10000) in paragraph at lines 9--10

 []


Underfull \hbox (badness 10000) in paragraph at lines 12--14

 []


Underfull \hbox (badness 10000) in paragraph at lines 16--18

 []

[1



{C:/Users/immun/AppData/Local/Programs/MiKTeX/fonts/enc/dvips/lm/lm-mathit.enc}
{C:/Users/immun/AppData/Local/Programs/MiKTeX/fonts/enc/dvips/lm/lm-rm.enc}{C:/
Users/immun/AppData/Local/Programs/MiKTeX/fonts/enc/dvips/lm/lm-mathsy.enc}]
[2] [3] [4]) [5] [6]
\openout2 = `06-chapter-2.aux'.

 (06-chapter-2.tex
Chapter 2.
[7




] [8{C:/Users/immun/AppData/Local/Programs/MiKTeX/fonts/enc/dvips/lm/lm-mathex.
enc}] [9] [10] [11]
<figures/elbowmethod.png, id=294, 854.9541pt x 422.0568pt>
File: figures/elbowmethod.png Graphic file (type png)
<use figures/elbowmethod.png>
Package pdftex.def Info: figures/elbowmethod.png  used on input line 61.
(pdftex.def)             Requested size: 433.62001pt x 214.06114pt.
<figures/cv_silhouette.png, id=297, 1071.7641pt x 566.5968pt>
File: figures/cv_silhouette.png Graphic file (type png)
<use figures/cv_silhouette.png>
Package pdftex.def Info: figures/cv_silhouette.png  used on input line 68.
(pdftex.def)             Requested size: 433.62001pt x 229.23701pt.
<figures/dpv_silhouette.png, id=299, 1072.4868pt x 566.5968pt>
File: figures/dpv_silhouette.png Graphic file (type png)
<use figures/dpv_silhouette.png>
Package pdftex.def Info: figures/dpv_silhouette.png  used on input line 75.
(pdftex.def)             Requested size: 433.62001pt x 229.08139pt.


LaTeX Warning: Reference ` dpv-umap' on page 1 undefined on input line 80.


LaTeX Warning: Reference ` dpv-tsne' on page 1 undefined on input line 80.


LaTeX Warning: Reference ` cv-umap' on page 1 undefined on input line 80.

<figures/cv_tsne.png, id=302, 707.5233pt x 880.2486pt>
File: figures/cv_tsne.png Graphic file (type png)
<use figures/cv_tsne.png>
Package pdftex.def Info: figures/cv_tsne.png  used on input line 84.
(pdftex.def)             Requested size: 433.62001pt x 539.48943pt.
<figures/cv_umap.png, id=303, 701.019pt x 880.2486pt>
File: figures/cv_umap.png Graphic file (type png)
<use figures/cv_umap.png>
Package pdftex.def Info: figures/cv_umap.png  used on input line 90.
(pdftex.def)             Requested size: 433.62001pt x 544.48593pt.
<figures/dpv_tsne.png, id=304, 710.4141pt x 880.2486pt>
File: figures/dpv_tsne.png Graphic file (type png)
<use figures/dpv_tsne.png>
Package pdftex.def Info: figures/dpv_tsne.png  used on input line 96.
(pdftex.def)             Requested size: 433.62001pt x 537.28665pt.
<figures/dpv_umap.png, id=305, 698.8509pt x 880.2486pt>
File: figures/dpv_umap.png Graphic file (type png)
<use figures/dpv_umap.png>
Package pdftex.def Info: figures/dpv_umap.png  used on input line 102.
(pdftex.def)             Requested size: 433.62001pt x 546.16487pt.
)

LaTeX Warning: `!h' float specifier changed to `!ht'.

[12]

LaTeX Warning: `!h' float specifier changed to `!ht'.


LaTeX Warning: `!h' float specifier changed to `!ht'.

[13 <./figures/elbowmethod.png>] [14 <./figures/cv_silhouette.png> <./figures/d
pv_silhouette.png>]

LaTeX Warning: `!h' float specifier changed to `!ht'.


LaTeX Warning: `!h' float specifier changed to `!ht'.


LaTeX Warning: `!h' float specifier changed to `!ht'.


LaTeX Warning: `!h' float specifier changed to `!ht'.

[15] [16] [17 <./figures/cv_tsne.png>] [18 <./figures/cv_umap.png>] [19 <./figu
res/dpv_tsne.png>] [20 <./figures/dpv_umap.png>]
\openout2 = `07-chapter-3.aux'.

 (07-chapter-3.tex
Chapter 3.

LaTeX Warning: Citation 'SHARMA2018377' on page 21 undefined on input line 9.

[21




]
<figures/model_architecture.png, id=363, 394.47375pt x 1517.67pt>
File: figures/model_architecture.png Graphic file (type png)
<use figures/model_architecture.png>
Package pdftex.def Info: figures/model_architecture.png  used on input line 16.

(pdftex.def)             Requested size: 108.405pt x 417.07108pt.


LaTeX Warning: `!h' float specifier changed to `!ht'.

<figures/ligand_roc.png, id=364, 1138.2525pt x 617.9085pt>
File: figures/ligand_roc.png Graphic file (type png)
<use figures/ligand_roc.png>
Package pdftex.def Info: figures/ligand_roc.png  used on input line 35.
(pdftex.def)             Requested size: 433.62001pt x 235.39223pt.
<figures/metal_roc.png, id=365, 1138.2525pt x 617.9085pt>
File: figures/metal_roc.png Graphic file (type png)
<use figures/metal_roc.png>
Package pdftex.def Info: figures/metal_roc.png  used on input line 41.
(pdftex.def)             Requested size: 433.62001pt x 235.39223pt.
<figures/cv_metal_matrix.png, id=366, 493.6041pt x 395.3169pt>
File: figures/cv_metal_matrix.png Graphic file (type png)
<use figures/cv_metal_matrix.png>
Package pdftex.def Info: figures/cv_metal_matrix.png  used on input line 48.
(pdftex.def)             Requested size: 433.62001pt x 347.28276pt.
<figures/cv_ligand_matrix.png, id=368, 493.6041pt x 395.3169pt>
File: figures/cv_ligand_matrix.png Graphic file (type png)
<use figures/cv_ligand_matrix.png>
Package pdftex.def Info: figures/cv_ligand_matrix.png  used on input line 55.
(pdftex.def)             Requested size: 433.62001pt x 347.28276pt.

LaTeX Warning: `!h' float specifier changed to `!ht'.


LaTeX Warning: `!h' float specifier changed to `!ht'.


LaTeX Warning: `!h' float specifier changed to `!ht'.

[22]

LaTeX Warning: `!h' float specifier changed to `!ht'.

) [23 <./figures/model_architecture.png>]

LaTeX Warning: Text page 24 contains only floats.

[24 <./figures/ligand_roc.png> <./figures/metal_roc.png>] [25 <./figures/cv_met
al_matrix.png>] [26 <./figures/cv_ligand_matrix.png>]
\openout2 = `08-chapter-4.aux'.

 (08-chapter-4.tex
Chapter 4.
) [27




]
\openout2 = `09-chapter-5.aux'.

 (09-chapter-5.tex
Chapter 5.
) [28




]
\openout2 = `10-references.aux'.

 (10-references.tex [29





]) [30]
\openout2 = `11-appendix-A.aux'.

 (11-appendix-A.tex
Appendix A.
<figures/clusters/cv_cluster1.png, id=431, 2275.7823pt x 253.6677pt>
File: figures/clusters/cv_cluster1.png Graphic file (type png)
<use figures/clusters/cv_cluster1.png>
Package pdftex.def Info: figures/clusters/cv_cluster1.png  used on input line 1
1.
(pdftex.def)             Requested size: 433.62001pt x 48.33282pt.
<figures/clusters/cv_cluster2.png, id=432, 2282.2866pt x 258.0039pt>
File: figures/clusters/cv_cluster2.png Graphic file (type png)
<use figures/clusters/cv_cluster2.png>
Package pdftex.def Info: figures/clusters/cv_cluster2.png  used on input line 1
3.
(pdftex.def)             Requested size: 433.62001pt x 49.0173pt.
<figures/clusters/cv_cluster3.png, id=433, 2275.7823pt x 253.6677pt>
File: figures/clusters/cv_cluster3.png Graphic file (type png)
<use figures/clusters/cv_cluster3.png>
Package pdftex.def Info: figures/clusters/cv_cluster3.png  used on input line 1
5.
(pdftex.def)             Requested size: 433.62001pt x 48.33282pt.
<figures/clusters/cv_cluster4.png, id=434, 2282.2866pt x 258.0039pt>
File: figures/clusters/cv_cluster4.png Graphic file (type png)
<use figures/clusters/cv_cluster4.png>
Package pdftex.def Info: figures/clusters/cv_cluster4.png  used on input line 1
7.
(pdftex.def)             Requested size: 433.62001pt x 49.0173pt.
<figures/clusters/cv_cluster5.png, id=435, 2282.2866pt x 258.0039pt>
File: figures/clusters/cv_cluster5.png Graphic file (type png)
<use figures/clusters/cv_cluster5.png>
Package pdftex.def Info: figures/clusters/cv_cluster5.png  used on input line 1
9.
(pdftex.def)             Requested size: 433.62001pt x 49.0173pt.
<figures/clusters/cv_cluster6.png, id=436, 2275.7823pt x 253.6677pt>
File: figures/clusters/cv_cluster6.png Graphic file (type png)
<use figures/clusters/cv_cluster6.png>
Package pdftex.def Info: figures/clusters/cv_cluster6.png  used on input line 2
1.
(pdftex.def)             Requested size: 433.62001pt x 48.33282pt.
<figures/clusters/cv_cluster7.png, id=437, 2275.7823pt x 253.6677pt>
File: figures/clusters/cv_cluster7.png Graphic file (type png)
<use figures/clusters/cv_cluster7.png>
Package pdftex.def Info: figures/clusters/cv_cluster7.png  used on input line 2
3.
(pdftex.def)             Requested size: 433.62001pt x 48.33282pt.
<figures/clusters/cv_cluster8.png, id=438, 2282.2866pt x 258.0039pt>
File: figures/clusters/cv_cluster8.png Graphic file (type png)
<use figures/clusters/cv_cluster8.png>
Package pdftex.def Info: figures/clusters/cv_cluster8.png  used on input line 2
5.
(pdftex.def)             Requested size: 433.62001pt x 49.0173pt.
<figures/clusters/cv_cluster9.png, id=439, 2275.7823pt x 253.6677pt>
File: figures/clusters/cv_cluster9.png Graphic file (type png)
<use figures/clusters/cv_cluster9.png>
Package pdftex.def Info: figures/clusters/cv_cluster9.png  used on input line 2
7.
(pdftex.def)             Requested size: 433.62001pt x 48.33282pt.
<figures/clusters/cv_cluster10.png, id=440, 2275.7823pt x 253.6677pt>
File: figures/clusters/cv_cluster10.png Graphic file (type png)
<use figures/clusters/cv_cluster10.png>
Package pdftex.def Info: figures/clusters/cv_cluster10.png  used on input line 
29.
(pdftex.def)             Requested size: 433.62001pt x 48.33282pt.
<figures/clusters/cv_cluster11.png, id=441, 2275.7823pt x 253.6677pt>
File: figures/clusters/cv_cluster11.png Graphic file (type png)
<use figures/clusters/cv_cluster11.png>
Package pdftex.def Info: figures/clusters/cv_cluster11.png  used on input line 
31.
(pdftex.def)             Requested size: 433.62001pt x 48.33282pt.
<figures/clusters/cv_cluster12.png, id=442, 2275.7823pt x 253.6677pt>
File: figures/clusters/cv_cluster12.png Graphic file (type png)
<use figures/clusters/cv_cluster12.png>
Package pdftex.def Info: figures/clusters/cv_cluster12.png  used on input line 
33.
(pdftex.def)             Requested size: 433.62001pt x 48.33282pt.
<figures/clusters/cv_cluster13.png, id=443, 2275.7823pt x 253.6677pt>
File: figures/clusters/cv_cluster13.png Graphic file (type png)
<use figures/clusters/cv_cluster13.png>
Package pdftex.def Info: figures/clusters/cv_cluster13.png  used on input line 
35.
(pdftex.def)             Requested size: 433.62001pt x 48.33282pt.
<figures/clusters/cv_cluster14.png, id=444, 2282.2866pt x 258.0039pt>
File: figures/clusters/cv_cluster14.png Graphic file (type png)
<use figures/clusters/cv_cluster14.png>
Package pdftex.def Info: figures/clusters/cv_cluster14.png  used on input line 
37.
(pdftex.def)             Requested size: 433.62001pt x 49.0173pt.
<figures/clusters/cv_cluster15.png, id=445, 2275.7823pt x 253.6677pt>
File: figures/clusters/cv_cluster15.png Graphic file (type png)
<use figures/clusters/cv_cluster15.png>
Package pdftex.def Info: figures/clusters/cv_cluster15.png  used on input line 
39.
(pdftex.def)             Requested size: 433.62001pt x 48.33282pt.
<figures/clusters/cv_cluster16.png, id=446, 2282.2866pt x 258.0039pt>
File: figures/clusters/cv_cluster16.png Graphic file (type png)
<use figures/clusters/cv_cluster16.png>
Package pdftex.def Info: figures/clusters/cv_cluster16.png  used on input line 
41.
(pdftex.def)             Requested size: 433.62001pt x 49.0173pt.
<figures/clusters/cv_cluster17.png, id=447, 2282.2866pt x 258.0039pt>
File: figures/clusters/cv_cluster17.png Graphic file (type png)
<use figures/clusters/cv_cluster17.png>
Package pdftex.def Info: figures/clusters/cv_cluster17.png  used on input line 
43.
(pdftex.def)             Requested size: 433.62001pt x 49.0173pt.
<figures/clusters/cv_cluster18.png, id=448, 2282.2866pt x 258.0039pt>
File: figures/clusters/cv_cluster18.png Graphic file (type png)
<use figures/clusters/cv_cluster18.png>
Package pdftex.def Info: figures/clusters/cv_cluster18.png  used on input line 
45.
(pdftex.def)             Requested size: 433.62001pt x 49.0173pt.
<figures/clusters/cv_cluster19.png, id=449, 2282.2866pt x 258.0039pt>
File: figures/clusters/cv_cluster19.png Graphic file (type png)
<use figures/clusters/cv_cluster19.png>
Package pdftex.def Info: figures/clusters/cv_cluster19.png  used on input line 
47.
(pdftex.def)             Requested size: 433.62001pt x 49.0173pt.
<figures/clusters/cv_cluster20.png, id=450, 2275.7823pt x 253.6677pt>
File: figures/clusters/cv_cluster20.png Graphic file (type png)
<use figures/clusters/cv_cluster20.png>
Package pdftex.def Info: figures/clusters/cv_cluster20.png  used on input line 
49.
(pdftex.def)             Requested size: 433.62001pt x 48.33282pt.
<figures/clusters/cv_cluster21.png, id=451, 2282.2866pt x 258.0039pt>
File: figures/clusters/cv_cluster21.png Graphic file (type png)
<use figures/clusters/cv_cluster21.png>
Package pdftex.def Info: figures/clusters/cv_cluster21.png  used on input line 
51.
(pdftex.def)             Requested size: 433.62001pt x 49.0173pt.
<figures/clusters/cv_cluster22.png, id=452, 2282.2866pt x 258.0039pt>
File: figures/clusters/cv_cluster22.png Graphic file (type png)
<use figures/clusters/cv_cluster22.png>
Package pdftex.def Info: figures/clusters/cv_cluster22.png  used on input line 
53.
(pdftex.def)             Requested size: 433.62001pt x 49.0173pt.
<figures/clusters/cv_cluster23.png, id=453, 2282.2866pt x 258.0039pt>
File: figures/clusters/cv_cluster23.png Graphic file (type png)
<use figures/clusters/cv_cluster23.png>
Package pdftex.def Info: figures/clusters/cv_cluster23.png  used on input line 
55.
(pdftex.def)             Requested size: 433.62001pt x 49.0173pt.
<figures/clusters/cv_cluster24.png, id=454, 2275.7823pt x 253.6677pt>
File: figures/clusters/cv_cluster24.png Graphic file (type png)
<use figures/clusters/cv_cluster24.png>
Package pdftex.def Info: figures/clusters/cv_cluster24.png  used on input line 
57.
(pdftex.def)             Requested size: 433.62001pt x 48.33282pt.
<figures/clusters/cv_cluster25.png, id=455, 2275.7823pt x 253.6677pt>
File: figures/clusters/cv_cluster25.png Graphic file (type png)
<use figures/clusters/cv_cluster25.png>
Package pdftex.def Info: figures/clusters/cv_cluster25.png  used on input line 
59.
(pdftex.def)             Requested size: 433.62001pt x 48.33282pt.
<figures/clusters/cv_cluster26.png, id=456, 2282.2866pt x 258.0039pt>
File: figures/clusters/cv_cluster26.png Graphic file (type png)
<use figures/clusters/cv_cluster26.png>
Package pdftex.def Info: figures/clusters/cv_cluster26.png  used on input line 
61.
(pdftex.def)             Requested size: 433.62001pt x 49.0173pt.
<figures/clusters/cv_cluster27.png, id=457, 2282.2866pt x 258.0039pt>
File: figures/clusters/cv_cluster27.png Graphic file (type png)
<use figures/clusters/cv_cluster27.png>
Package pdftex.def Info: figures/clusters/cv_cluster27.png  used on input line 
63.
(pdftex.def)             Requested size: 433.62001pt x 49.0173pt.
<figures/clusters/cv_cluster28.png, id=458, 2275.7823pt x 253.6677pt>
File: figures/clusters/cv_cluster28.png Graphic file (type png)
<use figures/clusters/cv_cluster28.png>
Package pdftex.def Info: figures/clusters/cv_cluster28.png  used on input line 
65.
(pdftex.def)             Requested size: 433.62001pt x 48.33282pt.
<figures/clusters/cv_cluster29.png, id=459, 2275.7823pt x 253.6677pt>
File: figures/clusters/cv_cluster29.png Graphic file (type png)
<use figures/clusters/cv_cluster29.png>
Package pdftex.def Info: figures/clusters/cv_cluster29.png  used on input line 
67.
(pdftex.def)             Requested size: 433.62001pt x 48.33282pt.
<figures/clusters/cv_cluster30.png, id=460, 2275.7823pt x 253.6677pt>
File: figures/clusters/cv_cluster30.png Graphic file (type png)
<use figures/clusters/cv_cluster30.png>
Package pdftex.def Info: figures/clusters/cv_cluster30.png  used on input line 
69.
(pdftex.def)             Requested size: 433.62001pt x 48.33282pt.
<figures/clusters/cv_cluster31.png, id=461, 2282.2866pt x 258.0039pt>
File: figures/clusters/cv_cluster31.png Graphic file (type png)
<use figures/clusters/cv_cluster31.png>
Package pdftex.def Info: figures/clusters/cv_cluster31.png  used on input line 
71.
(pdftex.def)             Requested size: 433.62001pt x 49.0173pt.
<figures/clusters/cv_cluster32.png, id=462, 2275.7823pt x 253.6677pt>
File: figures/clusters/cv_cluster32.png Graphic file (type png)
<use figures/clusters/cv_cluster32.png>
Package pdftex.def Info: figures/clusters/cv_cluster32.png  used on input line 
73.
(pdftex.def)             Requested size: 433.62001pt x 48.33282pt.
<figures/clusters/cv_cluster33.png, id=463, 2275.7823pt x 253.6677pt>
File: figures/clusters/cv_cluster33.png Graphic file (type png)
<use figures/clusters/cv_cluster33.png>
Package pdftex.def Info: figures/clusters/cv_cluster33.png  used on input line 
75.
(pdftex.def)             Requested size: 433.62001pt x 48.33282pt.
<figures/clusters/cv_cluster34.png, id=464, 2275.7823pt x 253.6677pt>
File: figures/clusters/cv_cluster34.png Graphic file (type png)
<use figures/clusters/cv_cluster34.png>
Package pdftex.def Info: figures/clusters/cv_cluster34.png  used on input line 
77.
(pdftex.def)             Requested size: 433.62001pt x 48.33282pt.
<figures/clusters/cv_cluster35.png, id=465, 2275.7823pt x 253.6677pt>
File: figures/clusters/cv_cluster35.png Graphic file (type png)
<use figures/clusters/cv_cluster35.png>
Package pdftex.def Info: figures/clusters/cv_cluster35.png  used on input line 
79.
(pdftex.def)             Requested size: 433.62001pt x 48.33282pt.
<figures/clusters/cv_cluster36.png, id=466, 2282.2866pt x 258.0039pt>
File: figures/clusters/cv_cluster36.png Graphic file (type png)
<use figures/clusters/cv_cluster36.png>
Package pdftex.def Info: figures/clusters/cv_cluster36.png  used on input line 
81.
(pdftex.def)             Requested size: 433.62001pt x 49.0173pt.
<figures/clusters/cv_cluster37.png, id=467, 2275.7823pt x 253.6677pt>
File: figures/clusters/cv_cluster37.png Graphic file (type png)
<use figures/clusters/cv_cluster37.png>
Package pdftex.def Info: figures/clusters/cv_cluster37.png  used on input line 
83.
(pdftex.def)             Requested size: 433.62001pt x 48.33282pt.
<figures/clusters/cv_cluster38.png, id=468, 2282.2866pt x 258.0039pt>
File: figures/clusters/cv_cluster38.png Graphic file (type png)
<use figures/clusters/cv_cluster38.png>
Package pdftex.def Info: figures/clusters/cv_cluster38.png  used on input line 
85.
(pdftex.def)             Requested size: 433.62001pt x 49.0173pt.
) [31




 <./figures/clusters/cv_cluster1.png> <./figures/clusters/cv_cluster2.png> <./f
igures/clusters/cv_cluster3.png> <./figures/clusters/cv_cluster4.png> <./figure
s/clusters/cv_cluster5.png> <./figures/clusters/cv_cluster6.png>] [32 <./figure
s/clusters/cv_cluster7.png> <./figures/clusters/cv_cluster8.png> <./figures/clu
sters/cv_cluster9.png> <./figures/clusters/cv_cluster10.png> <./figures/cluster
s/cv_cluster11.png> <./figures/clusters/cv_cluster12.png> <./figures/clusters/c
v_cluster13.png> <./figures/clusters/cv_cluster14.png>] [33 <./figures/clusters
/cv_cluster15.png> <./figures/clusters/cv_cluster16.png> <./figures/clusters/cv
_cluster17.png> <./figures/clusters/cv_cluster18.png> <./figures/clusters/cv_cl
uster19.png> <./figures/clusters/cv_cluster20.png> <./figures/clusters/cv_clust
er21.png>] [34 <./figures/clusters/cv_cluster22.png> <./figures/clusters/cv_clu
ster23.png> <./figures/clusters/cv_cluster24.png> <./figures/clusters/cv_cluste
r25.png> <./figures/clusters/cv_cluster26.png> <./figures/clusters/cv_cluster27
.png> <./figures/clusters/cv_cluster28.png> <./figures/clusters/cv_cluster29.pn
g>] [35 <./figures/clusters/cv_cluster30.png> <./figures/clusters/cv_cluster31.
png> <./figures/clusters/cv_cluster32.png> <./figures/clusters/cv_cluster33.png
> <./figures/clusters/cv_cluster34.png> <./figures/clusters/cv_cluster35.png> <
./figures/clusters/cv_cluster36.png> <./figures/clusters/cv_cluster37.png>] [36
 <./figures/clusters/cv_cluster38.png>] (00-main.aux (01-title.aux)
(02-abstract.aux) (05-chapter-1.aux) (06-chapter-2.aux) (07-chapter-3.aux)
(08-chapter-4.aux) (09-chapter-5.aux) (10-references.aux) (11-appendix-A.aux))
 ***********
LaTeX2e <2023-11-01> patch level 1
L3 programming layer <2024-03-14>
 ***********


LaTeX Warning: There were undefined references.


LaTeX Warning: Label(s) may have changed. Rerun to get cross-references right.

Package rerunfilecheck Info: File `00-main.out' has not changed.
(rerunfilecheck)             Checksum: BD0A36F209A620E806808191655AAC1D;4007.

Package biblatex Warning: Please (re)run Biber on the file:
(biblatex)                00-main
(biblatex)                and rerun LaTeX afterwards.

Package logreq Info: Writing requests to '00-main.run.xml'.
\openout1 = `00-main.run.xml'.

 ) 
Here is how much of TeX's memory you used:
 49804 strings out of 474424
 1007768 string characters out of 5741740
 1943496 words of memory out of 5000000
 71168 multiletter control sequences out of 15000+600000
 605307 words of font info for 74 fonts, out of 8000000 for 9000
 1141 hyphenation exceptions out of 8191
 92i,12n,95p,1484b,4287s stack positions out of 10000i,1000n,20000p,200000b,200000s
<C:/Users/immun/AppData/Local/Programs/MiKTeX/fonts/type1/public/lm/lmbx10.pf
b><C:/Users/immun/AppData/Local/Programs/MiKTeX/fonts/type1/public/lm/lmbx12.pf
b><C:/Users/immun/AppData/Local/Programs/MiKTeX/fonts/type1/public/lm/lmex10.pf
b><C:/Users/immun/AppData/Local/Programs/MiKTeX/fonts/type1/public/lm/lmmi12.pf
b><C:/Users/immun/AppData/Local/Programs/MiKTeX/fonts/type1/public/lm/lmmi6.pfb
><C:/Users/immun/AppData/Local/Programs/MiKTeX/fonts/type1/public/lm/lmmi8.pfb>
<C:/Users/immun/AppData/Local/Programs/MiKTeX/fonts/type1/public/lm/lmr10.pfb><
C:/Users/immun/AppData/Local/Programs/MiKTeX/fonts/type1/public/lm/lmr12.pfb><C
:/Users/immun/AppData/Local/Programs/MiKTeX/fonts/type1/public/lm/lmr6.pfb><C:/
Users/immun/AppData/Local/Programs/MiKTeX/fonts/type1/public/lm/lmr8.pfb><C:/Us
ers/immun/AppData/Local/Programs/MiKTeX/fonts/type1/public/lm/lmri12.pfb><C:/Us
ers/immun/AppData/Local/Programs/MiKTeX/fonts/type1/public/lm/lmsy10.pfb><C:/Us
ers/immun/AppData/Local/Programs/MiKTeX/fonts/type1/public/lm/lmsy8.pfb>
Output written on 00-main.pdf (41 pages, 3260585 bytes).
PDF statistics:
 624 PDF objects out of 1000 (max. 8388607)
 115 named destinations out of 1000 (max. 500000)
 507 words of extra memory for PDF output out of 10000 (max. 10000000)

